./run_openmm_docker_webpage_tests.sh: 1: ./run_openmm_docker_webpage_tests.sh: !/bin/sh: not found
./run_openmm_docker_webpage_tests.sh: 13: ./run_openmm_docker_webpage_tests.sh: cho: not found
Tue Oct 19 22:34:47 PDT 2021
==== Section: Running on ixt-sjc2-67 Node ========
===== Section: Show which GPU system running scripts on ========== 
  Name:                    gfx908                             
      Name:                    amdgcn-amd-amdhsa--gfx908:sramecc+:xnack-
  Name:                    gfx908                             
      Name:                    amdgcn-amd-amdhsa--gfx908:sramecc+:xnack-
  Name:                    gfx908                             
      Name:                    amdgcn-amd-amdhsa--gfx908:sramecc+:xnack-
  Name:                    gfx908                             
      Name:                    amdgcn-amd-amdhsa--gfx908:sramecc+:xnack-
=== Section: Pull amdih/openmm docker container =======
7.4.2: Pulling from amdih/openmm
Digest: sha256:44134c2d048962d0b75ff1719b58fea941693b62e5d508e63cc0e52e25287775
Status: Image is up to date for amdih/openmm:7.4.2
docker.io/amdih/openmm:7.4.2
Pull complete
===== Section: Available ROCm versions ===============
/opt/rocm
/opt/rocm-4.3.0
==== Using /opt/rocm-4.3.0 to collect ROCm information.==== 


======================= ROCm System Management Interface =======================
================================= Concise Info =================================
GPU  Temp   AvgPwr  SCLK    MCLK     Fan   Perf  PwrCap  VRAM%  GPU%  
0    27.0c  31.0W   300Mhz  1200Mhz  255%  auto  290.0W    0%   0%    
1    28.0c  31.0W   300Mhz  1200Mhz  255%  auto  290.0W    1%   0%    
2    28.0c  33.0W   300Mhz  1200Mhz  255%  auto  290.0W    0%   0%    
3    27.0c  33.0W   300Mhz  1200Mhz  255%  auto  290.0W    2%   0%    
================================================================================
============================= End of ROCm SMI Log ==============================


======================= ROCm System Management Interface =======================
============================ Concise Hardware Info =============================
GPU  DID   GFX RAS  SDMA RAS  UMC RAS  VBIOS             BUS           
0    738c  ENABLED  ENABLED   ENABLED  113-D3430500-037  0000:63:00.0  
1    738c  ENABLED  ENABLED   ENABLED  113-D3430300-037  0000:43:00.0  
2    738c  ENABLED  ENABLED   ENABLED  113-D3430500-037  0000:26:00.0  
3    738c  ENABLED  ENABLED   ENABLED  113-D3430500-037  0000:03:00.0  
================================================================================
============================= End of ROCm SMI Log ==============================
========= Section: Run OpenMM benchmark scripts in interactive mode ============
Platform: HIP
Precision: single

Test: gbsa
Step Size: 2 fs
Integrated 106610 steps in 58.8451 seconds
313.063 ns/day
Platform: HIP
Precision: mixed

Test: gbsa
Step Size: 2 fs
Integrated 108543 steps in 60.2555 seconds
311.278 ns/day
Platform: HIP
Precision: double

Test: gbsa
Step Size: 2 fs
Integrated 106174 steps in 58.7792 seconds
312.132 ns/day
Platform: HIP
Precision: single

Test: rf
Step Size: 2 fs
Integrated 110005 steps in 59.6274 seconds
318.794 ns/day
Platform: HIP
Precision: mixed

Test: rf
Step Size: 2 fs
Integrated 110099 steps in 59.8627 seconds
317.813 ns/day
Platform: HIP
Precision: double

Test: rf
Step Size: 2 fs
Integrated 110427 steps in 60.0699 seconds
317.66 ns/day
Platform: HIP
Precision: single

Test: pme (cutoff=0.9)
Step Size: 2 fs
Integrated 74851 steps in 58.0959 seconds
222.636 ns/day
Platform: HIP
Precision: mixed

Test: pme (cutoff=0.9)
Step Size: 2 fs
Integrated 79359 steps in 60.0186 seconds
228.483 ns/day
Platform: HIP
Precision: double

Test: pme (cutoff=0.9)
Step Size: 2 fs
Integrated 79480 steps in 60.3849 seconds
227.443 ns/day
Platform: HIP
Precision: single

Test: apoa1rf
Step Size: 2 fs
Integrated 44732 steps in 61.6476 seconds
125.385 ns/day
Platform: HIP
Precision: mixed

Test: apoa1rf
Step Size: 2 fs
Integrated 45347 steps in 62.3835 seconds
125.609 ns/day
Platform: HIP
Precision: double

Test: apoa1rf
Step Size: 2 fs
Integrated 45728 steps in 62.2104 seconds
127.017 ns/day
Platform: HIP
Precision: single

Test: apoa1pme
Step Size: 2 fs
Integrated 30250 steps in 60.6553 seconds
86.1787 ns/day
Platform: HIP
Precision: mixed

Test: apoa1pme
Step Size: 2 fs
Integrated 30366 steps in 60.9151 seconds
86.1402 ns/day
Platform: HIP
Precision: double

Test: apoa1pme
Step Size: 2 fs
Integrated 30330 steps in 60.8157 seconds
86.1788 ns/day
Platform: HIP
Precision: single

Test: apoa1ljpme
Step Size: 2 fs
Integrated 20890 steps in 60.4142 seconds
59.7507 ns/day
Platform: HIP
Precision: mixed

Test: apoa1ljpme
Step Size: 2 fs
Integrated 21094 steps in 60.7133 seconds
60.037 ns/day
Platform: HIP
Precision: double

Test: apoa1ljpme
Step Size: 2 fs
Integrated 21008 steps in 60.3457 seconds
60.1565 ns/day
python3: can't open file '/examples/benchmarks.py': [Errno 2] No such file or directory
=============== Section: OpenMM benchmark script complete ===========
========= Section: Run OpenMM benchmark scripts in non-interactive mode ============
Platform: HIP
Precision: single

Test: gbsa
Step Size: 2 fs
Integrated 109494 steps in 60.1554 seconds
314.528 ns/day
Platform: HIP
Precision: mixed

Test: gbsa
Step Size: 2 fs
Integrated 108872 steps in 59.6859 seconds
315.202 ns/day
Platform: HIP
Precision: double

Test: gbsa
Step Size: 2 fs
Integrated 109829 steps in 60.6217 seconds
313.064 ns/day
Platform: HIP
Precision: single

Test: rf
Step Size: 2 fs
Integrated 111788 steps in 60.0608 seconds
321.624 ns/day
Platform: HIP
Precision: mixed

Test: rf
Step Size: 2 fs
Integrated 112533 steps in 60.4899 seconds
321.47 ns/day
Platform: HIP
Precision: double

Test: rf
Step Size: 2 fs
Integrated 112096 steps in 60.2662 seconds
321.411 ns/day
Platform: HIP
Precision: single

Test: pme (cutoff=0.9)
Step Size: 2 fs
Integrated 80664 steps in 60.6247 seconds
229.919 ns/day
Platform: HIP
Precision: mixed

Test: pme (cutoff=0.9)
Step Size: 2 fs
Integrated 80562 steps in 60.4345 seconds
230.351 ns/day
Platform: HIP
Precision: double

Test: pme (cutoff=0.9)
Step Size: 2 fs
Integrated 80455 steps in 60.214 seconds
230.887 ns/day
Platform: HIP
Precision: single

Test: apoa1rf
Step Size: 2 fs
Integrated 45081 steps in 61.6502 seconds
126.358 ns/day
Platform: HIP
Precision: mixed

Test: apoa1rf
Step Size: 2 fs
Integrated 45366 steps in 62.3398 seconds
125.75 ns/day
Platform: HIP
Precision: double

Test: apoa1rf
Step Size: 2 fs
Integrated 45435 steps in 61.9654 seconds
126.703 ns/day
Platform: HIP
Precision: single

Test: apoa1pme
Step Size: 2 fs
Integrated 30296 steps in 60.9308 seconds
85.9196 ns/day
Platform: HIP
Precision: mixed

Test: apoa1pme
Step Size: 2 fs
Integrated 30273 steps in 60.5878 seconds
86.3404 ns/day
Platform: HIP
Precision: double

Test: apoa1pme
Step Size: 2 fs
Integrated 30222 steps in 60.2374 seconds
86.6963 ns/day
Platform: HIP
Precision: single

Test: apoa1ljpme
Step Size: 2 fs
Integrated 21015 steps in 60.2739 seconds
60.2481 ns/day
Platform: HIP
Precision: mixed

Test: apoa1ljpme
Step Size: 2 fs
Integrated 21101 steps in 60.7359 seconds
60.0346 ns/day
Platform: HIP
Precision: double

Test: apoa1ljpme
Step Size: 2 fs
Integrated 21214 steps in 60.6106 seconds
60.4808 ns/day
=============== Section: OpenMM benchmark script complete ===========
==== Using /opt/rocm-4.3.0 to collect ROCm information.==== 


======================= ROCm System Management Interface =======================
================================= Concise Info =================================
GPU  Temp   AvgPwr  SCLK    MCLK     Fan   Perf  PwrCap  VRAM%  GPU%  
0    48.0c  34.0W   300Mhz  1200Mhz  255%  auto  290.0W    0%   0%    
1    31.0c  33.0W   300Mhz  1200Mhz  255%  auto  290.0W    1%   0%    
2    31.0c  34.0W   300Mhz  1200Mhz  255%  auto  290.0W    0%   0%    
3    30.0c  34.0W   300Mhz  1200Mhz  255%  auto  290.0W    2%   0%    
================================================================================
============================= End of ROCm SMI Log ==============================


======================= ROCm System Management Interface =======================
============================ Concise Hardware Info =============================
GPU  DID   GFX RAS  SDMA RAS  UMC RAS  VBIOS             BUS           
0    738c  ENABLED  ENABLED   ENABLED  113-D3430500-037  0000:63:00.0  
1    738c  ENABLED  ENABLED   ENABLED  113-D3430300-037  0000:43:00.0  
2    738c  ENABLED  ENABLED   ENABLED  113-D3430500-037  0000:26:00.0  
3    738c  ENABLED  ENABLED   ENABLED  113-D3430500-037  0000:03:00.0  
================================================================================
============================= End of ROCm SMI Log ==============================
======== Section: print logs ========
[2997437.444156] amdgpu 0000:63:00.0: amdgpu: 	 RW: 0x0
[2997437.444641] amdgpu 0000:63:00.0: amdgpu: [gfxhub0] no-retry page fault (src_id:0 ring:24 vmid:3 pasid:32768, for process  pid 0 thread  pid 0)
[2997437.445622] amdgpu 0000:63:00.0: amdgpu:   in page starting at address 0x0000000000000000 from IH client 0x1b (UTCL2)
[2997437.446232] amdgpu 0000:63:00.0: amdgpu: VM_L2_PROTECTION_FAULT_STATUS:0x00000000
[2997437.446750] amdgpu 0000:63:00.0: amdgpu: 	 Faulty UTCL2 client ID: CB (0x0)
[2997437.447278] amdgpu 0000:63:00.0: amdgpu: 	 MORE_FAULTS: 0x0
[2997437.447800] amdgpu 0000:63:00.0: amdgpu: 	 WALKER_ERROR: 0x0
[2997437.448324] amdgpu 0000:63:00.0: amdgpu: 	 PERMISSION_FAULTS: 0x0
[2997437.448839] amdgpu 0000:63:00.0: amdgpu: 	 MAPPING_ERROR: 0x0
[2997437.449340] amdgpu 0000:63:00.0: amdgpu: 	 RW: 0x0
[2997467.731832] amdgpu 0000:63:00.0: amdgpu: [gfxhub0] no-retry page fault (src_id:0 ring:24 vmid:3 pasid:32768, for process vadd pid 104461 thread vadd pid 104461)
[2997467.733330] amdgpu 0000:63:00.0: amdgpu:   in page starting at address 0x0000000000000000 from IH client 0x1b (UTCL2)
[2997467.733911] amdgpu 0000:63:00.0: amdgpu: VM_L2_PROTECTION_FAULT_STATUS:0x00301031
[2997467.734453] amdgpu 0000:63:00.0: amdgpu: 	 Faulty UTCL2 client ID: TCP (0x8)
[2997467.735000] amdgpu 0000:63:00.0: amdgpu: 	 MORE_FAULTS: 0x1
[2997467.735584] amdgpu 0000:63:00.0: amdgpu: 	 WALKER_ERROR: 0x0
[2997467.736115] amdgpu 0000:63:00.0: amdgpu: 	 PERMISSION_FAULTS: 0x3
[2997467.736670] amdgpu 0000:63:00.0: amdgpu: 	 MAPPING_ERROR: 0x0
[2997467.737190] amdgpu 0000:63:00.0: amdgpu: 	 RW: 0x0
[2997467.737673] amdgpu 0000:63:00.0: amdgpu: [gfxhub0] no-retry page fault (src_id:0 ring:24 vmid:3 pasid:32768, for process vadd pid 104461 thread vadd pid 104461)
[2997467.738663] amdgpu 0000:63:00.0: amdgpu:   in page starting at address 0x0000000000000000 from IH client 0x1b (UTCL2)
[2997467.739186] amdgpu 0000:63:00.0: amdgpu: VM_L2_PROTECTION_FAULT_STATUS:0x00000000
[2997467.739713] amdgpu 0000:63:00.0: amdgpu: 	 Faulty UTCL2 client ID: CB (0x0)
[2997467.740236] amdgpu 0000:63:00.0: amdgpu: 	 MORE_FAULTS: 0x0
[2997467.740768] amdgpu 0000:63:00.0: amdgpu: 	 WALKER_ERROR: 0x0
[2997467.741301] amdgpu 0000:63:00.0: amdgpu: 	 PERMISSION_FAULTS: 0x0
[2997467.741819] amdgpu 0000:63:00.0: amdgpu: 	 MAPPING_ERROR: 0x0
[2997467.742319] amdgpu 0000:63:00.0: amdgpu: 	 RW: 0x0
[2997467.742802] amdgpu 0000:63:00.0: amdgpu: [gfxhub0] no-retry page fault (src_id:0 ring:24 vmid:3 pasid:32768, for process vadd pid 104461 thread vadd pid 104461)
[2997467.743826] amdgpu 0000:63:00.0: amdgpu:   in page starting at address 0x0000000000000000 from IH client 0x1b (UTCL2)
[2997467.744432] amdgpu 0000:63:00.0: amdgpu: VM_L2_PROTECTION_FAULT_STATUS:0x00000000
[2997467.744971] amdgpu 0000:63:00.0: amdgpu: 	 Faulty UTCL2 client ID: CB (0x0)
[2997467.745499] amdgpu 0000:63:00.0: amdgpu: 	 MORE_FAULTS: 0x0
[2997467.746026] amdgpu 0000:63:00.0: amdgpu: 	 WALKER_ERROR: 0x0
[2997467.746554] amdgpu 0000:63:00.0: amdgpu: 	 PERMISSION_FAULTS: 0x0
[2997467.747067] amdgpu 0000:63:00.0: amdgpu: 	 MAPPING_ERROR: 0x0
[2997467.747605] amdgpu 0000:63:00.0: amdgpu: 	 RW: 0x0
[2997467.748085] amdgpu 0000:63:00.0: amdgpu: [gfxhub0] no-retry page fault (src_id:0 ring:24 vmid:3 pasid:32768, for process vadd pid 104461 thread vadd pid 104461)
[2997467.749084] amdgpu 0000:63:00.0: amdgpu:   in page starting at address 0x0000000000000000 from IH client 0x1b (UTCL2)
[2997467.749701] amdgpu 0000:63:00.0: amdgpu: VM_L2_PROTECTION_FAULT_STATUS:0x00000000
[2997467.750228] amdgpu 0000:63:00.0: amdgpu: 	 Faulty UTCL2 client ID: CB (0x0)
[2997467.750756] amdgpu 0000:63:00.0: amdgpu: 	 MORE_FAULTS: 0x0
[2997467.751279] amdgpu 0000:63:00.0: amdgpu: 	 WALKER_ERROR: 0x0
[2997467.751802] amdgpu 0000:63:00.0: amdgpu: 	 PERMISSION_FAULTS: 0x0
[2997467.752316] amdgpu 0000:63:00.0: amdgpu: 	 MAPPING_ERROR: 0x0
[2997467.752828] amdgpu 0000:63:00.0: amdgpu: 	 RW: 0x0
[2997467.753312] amdgpu 0000:63:00.0: amdgpu: [gfxhub0] no-retry page fault (src_id:0 ring:24 vmid:3 pasid:32768, for process vadd pid 104461 thread vadd pid 104461)
[2997467.754303] amdgpu 0000:63:00.0: amdgpu:   in page starting at address 0x0000000000000000 from IH client 0x1b (UTCL2)
[2997467.754922] amdgpu 0000:63:00.0: amdgpu: VM_L2_PROTECTION_FAULT_STATUS:0x00000000
[2997467.755455] amdgpu 0000:63:00.0: amdgpu: 	 Faulty UTCL2 client ID: CB (0x0)
[2997467.756010] amdgpu 0000:63:00.0: amdgpu: 	 MORE_FAULTS: 0x0
[2997467.756537] amdgpu 0000:63:00.0: amdgpu: 	 WALKER_ERROR: 0x0
[2997467.757076] amdgpu 0000:63:00.0: amdgpu: 	 PERMISSION_FAULTS: 0x0
[2997467.757598] amdgpu 0000:63:00.0: amdgpu: 	 MAPPING_ERROR: 0x0
[2997467.758094] amdgpu 0000:63:00.0: amdgpu: 	 RW: 0x0
[2997467.758582] amdgpu 0000:63:00.0: amdgpu: [gfxhub0] no-retry page fault (src_id:0 ring:24 vmid:3 pasid:32768, for process vadd pid 104461 thread vadd pid 104461)
[2997467.759578] amdgpu 0000:63:00.0: amdgpu:   in page starting at address 0x0000000000000000 from IH client 0x1b (UTCL2)
[2997467.760189] amdgpu 0000:63:00.0: amdgpu: VM_L2_PROTECTION_FAULT_STATUS:0x00000000
[2997467.760714] amdgpu 0000:63:00.0: amdgpu: 	 Faulty UTCL2 client ID: CB (0x0)
[2997467.761244] amdgpu 0000:63:00.0: amdgpu: 	 MORE_FAULTS: 0x0
[2997467.761781] amdgpu 0000:63:00.0: amdgpu: 	 WALKER_ERROR: 0x0
[2997467.762306] amdgpu 0000:63:00.0: amdgpu: 	 PERMISSION_FAULTS: 0x0
[2997467.762822] amdgpu 0000:63:00.0: amdgpu: 	 MAPPING_ERROR: 0x0
[2997467.763316] amdgpu 0000:63:00.0: amdgpu: 	 RW: 0x0
[2997467.763805] amdgpu 0000:63:00.0: amdgpu: [gfxhub0] no-retry page fault (src_id:0 ring:24 vmid:3 pasid:32768, for process vadd pid 104461 thread vadd pid 104461)
[2997467.764791] amdgpu 0000:63:00.0: amdgpu:   in page starting at address 0x0000000000000000 from IH client 0x1b (UTCL2)
[2997467.765409] amdgpu 0000:63:00.0: amdgpu: VM_L2_PROTECTION_FAULT_STATUS:0x00000000
[2997467.765933] amdgpu 0000:63:00.0: amdgpu: 	 Faulty UTCL2 client ID: CB (0x0)
[2997467.766476] amdgpu 0000:63:00.0: amdgpu: 	 MORE_FAULTS: 0x0
[2997467.767019] amdgpu 0000:63:00.0: amdgpu: 	 WALKER_ERROR: 0x0
[2997467.767540] amdgpu 0000:63:00.0: amdgpu: 	 PERMISSION_FAULTS: 0x0
[2997467.768052] amdgpu 0000:63:00.0: amdgpu: 	 MAPPING_ERROR: 0x0
[2997467.768546] amdgpu 0000:63:00.0: amdgpu: 	 RW: 0x0
[2997467.769031] amdgpu 0000:63:00.0: amdgpu: [gfxhub0] no-retry page fault (src_id:0 ring:24 vmid:3 pasid:32768, for process  pid 0 thread  pid 0)
[2997467.770010] amdgpu 0000:63:00.0: amdgpu:   in page starting at address 0x0000000000000000 from IH client 0x1b (UTCL2)
[2997467.770614] amdgpu 0000:63:00.0: amdgpu: VM_L2_PROTECTION_FAULT_STATUS:0x00000000
[2997467.771134] amdgpu 0000:63:00.0: amdgpu: 	 Faulty UTCL2 client ID: CB (0x0)
[2997467.771713] amdgpu 0000:63:00.0: amdgpu: 	 MORE_FAULTS: 0x0
[2997467.772234] amdgpu 0000:63:00.0: amdgpu: 	 WALKER_ERROR: 0x0
[2997467.772797] amdgpu 0000:63:00.0: amdgpu: 	 PERMISSION_FAULTS: 0x0
[2997467.773317] amdgpu 0000:63:00.0: amdgpu: 	 MAPPING_ERROR: 0x0
[2997467.773813] amdgpu 0000:63:00.0: amdgpu: 	 RW: 0x0
[2997467.774292] amdgpu 0000:63:00.0: amdgpu: [gfxhub0] no-retry page fault (src_id:0 ring:24 vmid:3 pasid:32768, for process  pid 0 thread  pid 0)
[2997467.775271] amdgpu 0000:63:00.0: amdgpu:   in page starting at address 0x0000000000000000 from IH client 0x1b (UTCL2)
[2997467.775877] amdgpu 0000:63:00.0: amdgpu: VM_L2_PROTECTION_FAULT_STATUS:0x00000000
[2997467.776396] amdgpu 0000:63:00.0: amdgpu: 	 Faulty UTCL2 client ID: CB (0x0)
[2997467.776935] amdgpu 0000:63:00.0: amdgpu: 	 MORE_FAULTS: 0x0
[2997467.777460] amdgpu 0000:63:00.0: amdgpu: 	 WALKER_ERROR: 0x0
[2997467.777985] amdgpu 0000:63:00.0: amdgpu: 	 PERMISSION_FAULTS: 0x0
[2997467.778502] amdgpu 0000:63:00.0: amdgpu: 	 MAPPING_ERROR: 0x0
[2997467.778996] amdgpu 0000:63:00.0: amdgpu: 	 RW: 0x0
[2997467.779473] amdgpu 0000:63:00.0: amdgpu: [gfxhub0] no-retry page fault (src_id:0 ring:24 vmid:3 pasid:32768, for process  pid 0 thread  pid 0)
[2997467.780447] amdgpu 0000:63:00.0: amdgpu:   in page starting at address 0x0000000000000000 from IH client 0x1b (UTCL2)
[2997467.781071] amdgpu 0000:63:00.0: amdgpu: VM_L2_PROTECTION_FAULT_STATUS:0x00000000
[2997467.781595] amdgpu 0000:63:00.0: amdgpu: 	 Faulty UTCL2 client ID: CB (0x0)
[2997467.782120] amdgpu 0000:63:00.0: amdgpu: 	 MORE_FAULTS: 0x0
[2997467.782643] amdgpu 0000:63:00.0: amdgpu: 	 WALKER_ERROR: 0x0
[2997467.783159] amdgpu 0000:63:00.0: amdgpu: 	 PERMISSION_FAULTS: 0x0
[2997467.783676] amdgpu 0000:63:00.0: amdgpu: 	 MAPPING_ERROR: 0x0
[2997467.784169] amdgpu 0000:63:00.0: amdgpu: 	 RW: 0x0
