=== GRID Log Collection Utility: V2.0 ===
Tue Aug 31 19:46:25 PDT 2021
==== Section: Running on ts1-sjc2-20 Node ========
===== Section: Show which GPU system running scripts on ========== 
  Name:                    gfx906                             
      Name:                    amdgcn-amd-amdhsa--gfx906:sramecc+:xnack-
  Name:                    gfx906                             
      Name:                    amdgcn-amd-amdhsa--gfx906:sramecc+:xnack-
  Name:                    gfx906                             
      Name:                    amdgcn-amd-amdhsa--gfx906:sramecc+:xnack-
  Name:                    gfx906                             
      Name:                    amdgcn-amd-amdhsa--gfx906:sramecc+:xnack-
  Name:                    gfx906                             
      Name:                    amdgcn-amd-amdhsa--gfx906:sramecc+:xnack-
  Name:                    gfx906                             
      Name:                    amdgcn-amd-amdhsa--gfx906:sramecc+:xnack-
  Name:                    gfx906                             
      Name:                    amdgcn-amd-amdhsa--gfx906:sramecc+:xnack-
  Name:                    gfx906                             
      Name:                    amdgcn-amd-amdhsa--gfx906:sramecc+:xnack-
=== Section: Pull amdih/grid docker container =======
0.8.2: Pulling from amdih/grid
Digest: sha256:c99477010ee21714fb982d61062729654c09f25df26068fe3fe59aeb7411c054
Status: Image is up to date for amdih/grid:0.8.2
docker.io/amdih/grid:0.8.2
Pull complete
===== Section: Available ROCm versions ===============
/opt/rocm
/opt/rocm-4.3.0
==== Using /opt/rocm-4.3.0 to collect ROCm information.==== 


======================= ROCm System Management Interface =======================
================================= Concise Info =================================
GPU  Temp   AvgPwr  SCLK    MCLK     Fan   Perf  PwrCap  VRAM%  GPU%  
0    39.0c  43.0W   930Mhz  1000Mhz  255%  auto  225.0W    0%   0%    
1    42.0c  34.0W   930Mhz  1000Mhz  255%  auto  225.0W    0%   0%    
2    41.0c  38.0W   930Mhz  1000Mhz  255%  auto  225.0W    0%   0%    
3    39.0c  36.0W   930Mhz  1000Mhz  255%  auto  225.0W    0%   0%    
4    43.0c  34.0W   930Mhz  1000Mhz  255%  auto  225.0W    0%   0%    
5    40.0c  40.0W   930Mhz  1000Mhz  255%  auto  225.0W    0%   0%    
6    42.0c  35.0W   930Mhz  1000Mhz  255%  auto  225.0W    0%   0%    
7    39.0c  35.0W   930Mhz  1000Mhz  255%  auto  225.0W    0%   0%    
================================================================================
============================= End of ROCm SMI Log ==============================


======================= ROCm System Management Interface =======================
============================ Concise Hardware Info =============================
GPU  DID   GFX RAS  SDMA RAS  UMC RAS  VBIOS             BUS           
0    66a1  ENABLED  ENABLED   ENABLED  113-D1631700-111  0000:43:00.0  
1    66a1  ENABLED  ENABLED   ENABLED  113-D1631700-111  0000:23:00.0  
2    66a1  ENABLED  ENABLED   ENABLED  113-D1631700-111  0000:26:00.0  
3    66a1  ENABLED  ENABLED   ENABLED  113-D1631700-111  0000:03:00.0  
4    66a1  ENABLED  ENABLED   ENABLED  113-D1631700-111  0000:E3:00.0  
5    66a1  ENABLED  ENABLED   ENABLED  113-D1631700-111  0000:C3:00.0  
6    66a1  ENABLED  ENABLED   ENABLED  113-D1631700-111  0000:C6:00.0  
7    66a1  ENABLED  ENABLED   ENABLED  113-D1631700-111  0000:83:00.0  
================================================================================
============================= End of ROCm SMI Log ==============================
========== Running example GRID benchmark script in interactive mode ============ 
world_rank 0 has 8 devices
AcceleratorHipInit: ========================
AcceleratorHipInit: Device Number    : 0
AcceleratorHipInit: ========================
AcceleratorHipInit: Device identifier: Device 66a1
AcceleratorHipInit:   totalGlobalMem: 34342961152 
AcceleratorHipInit:   isMultiGpuBoard: 0 
AcceleratorHipInit:   warpSize: 64 
AcceleratorHipInit: ========================
AcceleratorHipInit: Device Number    : 1
AcceleratorHipInit: ========================
AcceleratorHipInit: Device identifier: Device 66a1
AcceleratorHipInit:   totalGlobalMem: 34342961152 
AcceleratorHipInit:   isMultiGpuBoard: 0 
AcceleratorHipInit:   warpSize: 64 
AcceleratorHipInit: ========================
AcceleratorHipInit: Device Number    : 2
AcceleratorHipInit: ========================
AcceleratorHipInit: Device identifier: Device 66a1
AcceleratorHipInit:   totalGlobalMem: 34342961152 
AcceleratorHipInit:   isMultiGpuBoard: 0 
AcceleratorHipInit:   warpSize: 64 
AcceleratorHipInit: ========================
AcceleratorHipInit: Device Number    : 3
AcceleratorHipInit: ========================
AcceleratorHipInit: Device identifier: Device 66a1
AcceleratorHipInit:   totalGlobalMem: 34342961152 
AcceleratorHipInit:   isMultiGpuBoard: 0 
AcceleratorHipInit:   warpSize: 64 
AcceleratorHipInit: ========================
AcceleratorHipInit: Device Number    : 4
AcceleratorHipInit: ========================
AcceleratorHipInit: Device identifier: Device 66a1
AcceleratorHipInit:   totalGlobalMem: 34342961152 
AcceleratorHipInit:   isMultiGpuBoard: 0 
AcceleratorHipInit:   warpSize: 64 
AcceleratorHipInit: ========================
AcceleratorHipInit: Device Number    : 5
AcceleratorHipInit: ========================
AcceleratorHipInit: Device identifier: Device 66a1
AcceleratorHipInit:   totalGlobalMem: 34342961152 
AcceleratorHipInit:   isMultiGpuBoard: 0 
AcceleratorHipInit:   warpSize: 64 
AcceleratorHipInit: ========================
AcceleratorHipInit: Device Number    : 6
AcceleratorHipInit: ========================
AcceleratorHipInit: Device identifier: Device 66a1
AcceleratorHipInit:   totalGlobalMem: 34342961152 
AcceleratorHipInit:   isMultiGpuBoard: 0 
AcceleratorHipInit:   warpSize: 64 
AcceleratorHipInit: ========================
AcceleratorHipInit: Device Number    : 7
AcceleratorHipInit: ========================
AcceleratorHipInit: Device identifier: Device 66a1
AcceleratorHipInit:   totalGlobalMem: 34342961152 
AcceleratorHipInit:   isMultiGpuBoard: 0 
AcceleratorHipInit:   warpSize: 64 
AcceleratorHipInit: using default device 
AcceleratorHipInit: assume user either uses a wrapping script to set CUDA_VISIBLE_DEVICES, UCX_NET_DEVICES, and numa binding 
AcceleratorHipInit: Configure options --enable-summit, --enable-select-gpu=no 
AcceleratorHipInit: ================================================
SharedMemoryMpi:  World communicator of size 1
SharedMemoryMpi:  Node  communicator of size 1
0SharedMemoryMpi:  SharedMemoryMPI.cc acceleratorAllocDevice 1073741824bytes at 0x7f2c6be00000 for comms buffers 

__|__|__|__|__|__|__|__|__|__|__|__|__|__|__
__|__|__|__|__|__|__|__|__|__|__|__|__|__|__
__|_ |  |  |  |  |  |  |  |  |  |  |  | _|__
__|_                                    _|__
__|_   GGGG    RRRR    III    DDDD      _|__
__|_  G        R   R    I     D   D     _|__
__|_  G        R   R    I     D    D    _|__
__|_  G  GG    RRRR     I     D    D    _|__
__|_  G   G    R  R     I     D   D     _|__
__|_   GGGG    R   R   III    DDDD      _|__
__|_                                    _|__
__|__|__|__|__|__|__|__|__|__|__|__|__|__|__
__|__|__|__|__|__|__|__|__|__|__|__|__|__|__
  |  |  |  |  |  |  |  |  |  |  |  |  |  |  


Copyright (C) 2015 Peter Boyle, Azusa Yamaguchi, Guido Cossu, Antonin Portelli and other authors

This program is free software; you can redistribute it and/or modify
it under the terms of the GNU General Public License as published by
the Free Software Foundation; either version 2 of the License, or
(at your option) any later version.

This program is distributed in the hope that it will be useful,
but WITHOUT ANY WARRANTY; without even the implied warranty of
MERCHANTABILITY or FITNESS FOR A PARTICULAR PURPOSE.  See the
GNU General Public License for more details.
Current Grid git commit hash=cda17a10ab4fe00f8b222038f4d995c46cc30b25: (HEAD, origin/develop_amd) clean

Grid : Message : ================================================ 
Grid : Message : MPI is initialised and logging filters activated 
Grid : Message : ================================================ 
Grid : Message : Requested 1073741824 byte stencil comms buffers 
Grid : Message : MemoryManager Cache 27474368921 bytes 
Grid : Message : MemoryManager::Init() setting up
Grid : Message : MemoryManager::Init() cache pool for recent allocations: SMALL 32 LARGE 8
Grid : Message : MemoryManager::Init() Non unified: Caching accelerator data in dedicated memory
Grid : Message : MemoryManager::Init() Using hipMalloc
Grid : Message : 0.670715 s : ==================================================================================
Grid : Message : 0.670728 s : = Grid is setup to use 128 threads
Grid : Message : 0.670731 s : ==================================================================================
Grid : Message : 0.670734 s : Grid Default Decomposition patterns
Grid : Message : 0.670736 s : 	OpenMP threads : 128
Grid : Message : 0.670740 s : 	MPI tasks      : 1 1 1 1 
Grid : Message : 0.670747 s : 	vReal          : 512bits ; 1 2 2 2 
Grid : Message : 0.670752 s : 	vRealF         : 512bits ; 2 2 2 2 
Grid : Message : 0.670757 s : 	vRealD         : 512bits ; 1 2 2 2 
Grid : Message : 0.670762 s : 	vComplex       : 512bits ; 1 1 2 2 
Grid : Message : 0.670766 s : 	vComplexF      : 512bits ; 1 2 2 2 
Grid : Message : 0.670770 s : 	vComplexD      : 512bits ; 1 1 2 2 
Grid : Message : 0.670773 s : ==================================================================================
Grid : Message : 0.670776 s : ==================================================================================
Grid : Message : 0.670778 s :  Wilson dslash 4D vectorised
Grid : Message : 0.670780 s : ==================================================================================
Grid : Message : 0.675810 s : ==================================================================================
Grid : Message : 0.675820 s : Benchmark DWF on 8^4 local volume 
Grid : Message : 0.675824 s : * Nc             : 3
Grid : Message : 0.675828 s : * Global volume  : 8 8 8 8 
Grid : Message : 0.675837 s : * Ls             : 1
Grid : Message : 0.675840 s : * ranks          : 1
Grid : Message : 0.675844 s : * nodes          : 1
Grid : Message : 0.675846 s : * ranks/node     : 1
Grid : Message : 0.675849 s : * ranks geom     : 1 1 1 1 
Grid : Message : 0.675853 s : * Using 128 threads
Grid : Message : 0.675855 s : ==================================================================================
Grid : Message : 0.774381 s : Initialised RNGs
Grid : Message : 0.952875 s : ==================================================================================
Grid : Message : 0.952891 s : * Using GENERIC Nc WilsonKernels
Grid : Message : 0.952894 s : * Using sequential Comms/Compute
Grid : Message : 0.952897 s : * SINGLE precision 
Grid : Message : 0.952903 s : ==================================================================================
Grid : Message : 1.333000 s : Deo FlopsPerSite is 1200
Grid : Message : 1.363000 s : Deo mflop/s =   48271.5 (280.4) 32768.0-57153.5
Grid : Message : 1.371000 s : Deo mflop/s per rank   48271.5
Grid : Message : 1.376000 s : Deo mflop/s per node   48271.5
Grid : Message : 1.380000 s : ==================================================================================
Grid : Message : 1.383000 s : * Using GENERIC Nc WilsonKernels
Grid : Message : 1.386000 s : * Using Overlapped Comms/Compute
Grid : Message : 1.387000 s : * SINGLE precision 
Grid : Message : 1.389000 s : ==================================================================================
Grid : Message : 1.403570 s : Deo FlopsPerSite is 1200.0
Grid : Message : 1.403630 s : Deo mflop/s =   31822.7 (192.3) 22341.8-37809.2
Grid : Message : 1.403680 s : Deo mflop/s per rank   31822.7
Grid : Message : 1.403720 s : Deo mflop/s per node   31822.7
Grid : Message : 1.403760 s : ==================================================================================
Grid : Message : 1.403790 s : * Using GENERIC Nc WilsonKernels
Grid : Message : 1.403810 s : * Using sequential Comms/Compute
Grid : Message : 1.403840 s : * SINGLE precision 
Grid : Message : 1.403850 s : ==================================================================================
Grid : Message : 1.175894 s : Deo FlopsPerSite is 1200.0
Grid : Message : 1.175929 s : Deo mflop/s =   9293.8 (67.7) 6884.0-12349.7
Grid : Message : 1.175934 s : Deo mflop/s per rank   9293.8
Grid : Message : 1.175970 s : Deo mflop/s per node   9293.8
Grid : Message : 1.175973 s : ==================================================================================
Grid : Message : 1.175975 s : * Using GENERIC Nc WilsonKernels
Grid : Message : 1.175976 s : * Using Overlapped Comms/Compute
Grid : Message : 1.175977 s : * SINGLE precision 
Grid : Message : 1.175978 s : ==================================================================================
Grid : Message : 1.202638 s : Deo FlopsPerSite is 1200.0
Grid : Message : 1.202644 s : Deo mflop/s =   47270.6 (83.9) 37809.2-50155.1
Grid : Message : 1.202650 s : Deo mflop/s per rank   47270.6
Grid : Message : 1.202652 s : Deo mflop/s per node   47270.6
Grid : Message : 1.202654 s : ==================================================================================
Grid : Message : 1.202691 s : 8^4 x 1 Deo Best  mflop/s        =   48271.5 ; 48271.5 per node 
Grid : Message : 1.202696 s : 8^4 x 1 Deo Worst mflop/s        =   9293.8 ; 9293.8 per node 
Grid : Message : 1.202699 s : G/S/C ; G/O/C ; G/S/S ; G/O/S 
Grid : Message : 1.202701 s : 48271.5 ; 31822.7 ; 9293.8 ; 47270.6 ; 
Grid : Message : 1.202704 s : ==================================================================================
Grid : Message : 1.203823 s : ==================================================================================
Grid : Message : 1.203828 s : Benchmark DWF on 12^4 local volume 
Grid : Message : 1.203860 s : * Nc             : 3
Grid : Message : 1.203861 s : * Global volume  : 12 12 12 12 
Grid : Message : 1.203869 s : * Ls             : 1
Grid : Message : 1.203870 s : * ranks          : 1
Grid : Message : 1.203871 s : * nodes          : 1
Grid : Message : 1.203872 s : * ranks/node     : 1
Grid : Message : 1.203873 s : * ranks geom     : 1 1 1 1 
Grid : Message : 1.203875 s : * Using 128 threads
Grid : Message : 1.203903 s : ==================================================================================
Grid : Message : 1.209579 s : Initialised RNGs
Grid : Message : 1.272692 s : ==================================================================================
Grid : Message : 1.272698 s : * Using GENERIC Nc WilsonKernels
Grid : Message : 1.272699 s : * Using sequential Comms/Compute
Grid : Message : 1.272736 s : * SINGLE precision 
Grid : Message : 1.272741 s : ==================================================================================
Grid : Message : 1.298160 s : Deo FlopsPerSite is 1200.0
Grid : Message : 1.298170 s : Deo mflop/s =   266987.1 (437.7) 226210.9-282763.6
Grid : Message : 1.298199 s : Deo mflop/s per rank   266987.1
Grid : Message : 1.298201 s : Deo mflop/s per node   266987.1
Grid : Message : 1.298203 s : ==================================================================================
Grid : Message : 1.298204 s : * Using GENERIC Nc WilsonKernels
Grid : Message : 1.298205 s : * Using Overlapped Comms/Compute
Grid : Message : 1.298206 s : * SINGLE precision 
Grid : Message : 1.298207 s : ==================================================================================
Grid : Message : 1.326772 s : Deo FlopsPerSite is 1200.0
Grid : Message : 1.326778 s : Deo mflop/s =   222863.9 (139.2) 203960.7-230400.0
Grid : Message : 1.326809 s : Deo mflop/s per rank   222863.9
Grid : Message : 1.326811 s : Deo mflop/s per node   222863.9
Grid : Message : 1.326813 s : ==================================================================================
Grid : Message : 1.326814 s : * Using GENERIC Nc WilsonKernels
Grid : Message : 1.326815 s : * Using sequential Comms/Compute
Grid : Message : 1.326816 s : * SINGLE precision 
Grid : Message : 1.326817 s : ==================================================================================
Grid : Message : 1.418248 s : Deo FlopsPerSite is 1200.0
Grid : Message : 1.418278 s : Deo mflop/s =   69608.0 (636.1) 47306.5-92160.0
Grid : Message : 1.418306 s : Deo mflop/s per rank   69608.0
Grid : Message : 1.418308 s : Deo mflop/s per node   69608.0
Grid : Message : 1.418312 s : ==================================================================================
Grid : Message : 1.418313 s : * Using GENERIC Nc WilsonKernels
Grid : Message : 1.418314 s : * Using Overlapped Comms/Compute
Grid : Message : 1.418315 s : * SINGLE precision 
Grid : Message : 1.418316 s : ==================================================================================
Grid : Message : 1.447775 s : Deo FlopsPerSite is 1200.0
Grid : Message : 1.447780 s : Deo mflop/s =   216097.5 (357.8) 191409.2-230400.0
Grid : Message : 1.447811 s : Deo mflop/s per rank   216097.5
Grid : Message : 1.447814 s : Deo mflop/s per node   216097.5
Grid : Message : 1.447816 s : ==================================================================================
Grid : Message : 1.447817 s : 12^4 x 1 Deo Best  mflop/s        =   266987.1 ; 266987.1 per node 
Grid : Message : 1.447820 s : 12^4 x 1 Deo Worst mflop/s        =   69608.0 ; 69608.0 per node 
Grid : Message : 1.447823 s : G/S/C ; G/O/C ; G/S/S ; G/O/S 
Grid : Message : 1.447824 s : 266987.1 ; 222863.9 ; 69608.0 ; 216097.5 ; 
Grid : Message : 1.447827 s : ==================================================================================
Grid : Message : 1.451081 s : ==================================================================================
Grid : Message : 1.451086 s : Benchmark DWF on 16^4 local volume 
Grid : Message : 1.451089 s : * Nc             : 3
Grid : Message : 1.451120 s : * Global volume  : 16 16 16 16 
Grid : Message : 1.451129 s : * Ls             : 1
Grid : Message : 1.451130 s : * ranks          : 1
Grid : Message : 1.451131 s : * nodes          : 1
Grid : Message : 1.451132 s : * ranks/node     : 1
Grid : Message : 1.451133 s : * ranks geom     : 1 1 1 1 
Grid : Message : 1.451135 s : * Using 128 threads
Grid : Message : 1.451136 s : ==================================================================================
Grid : Message : 1.469369 s : Initialised RNGs
Grid : Message : 1.568504 s : ==================================================================================
Grid : Message : 1.568511 s : * Using GENERIC Nc WilsonKernels
Grid : Message : 1.568512 s : * Using sequential Comms/Compute
Grid : Message : 1.568528 s : * SINGLE precision 
Grid : Message : 1.568559 s : ==================================================================================
Grid : Message : 1.615619 s : Deo FlopsPerSite is 1200.0
Grid : Message : 1.615636 s : Deo mflop/s =   463228.3 (678.1) 341927.0-479531.7
Grid : Message : 1.615669 s : Deo mflop/s per rank   463228.3
Grid : Message : 1.615671 s : Deo mflop/s per node   463228.3
Grid : Message : 1.615674 s : ==================================================================================
Grid : Message : 1.615676 s : * Using GENERIC Nc WilsonKernels
Grid : Message : 1.615677 s : * Using Overlapped Comms/Compute
Grid : Message : 1.615678 s : * SINGLE precision 
Grid : Message : 1.615679 s : ==================================================================================
Grid : Message : 1.665403 s : Deo FlopsPerSite is 1200.0
Grid : Message : 1.665409 s : Deo mflop/s =   403986.3 (165.4) 378092.3-413911.6
Grid : Message : 1.665414 s : Deo mflop/s per rank   403986.3
Grid : Message : 1.665449 s : Deo mflop/s per node   403986.3
Grid : Message : 1.665452 s : ==================================================================================
Grid : Message : 1.665453 s : * Using GENERIC Nc WilsonKernels
Grid : Message : 1.665454 s : * Using sequential Comms/Compute
Grid : Message : 1.665455 s : * SINGLE precision 
Grid : Message : 1.665456 s : ==================================================================================
Grid : Message : 1.768663 s : Deo FlopsPerSite is 1200.0
Grid : Message : 1.768670 s : Deo mflop/s =   194046.6 (20125.4) 4815.9-255335.1
Grid : Message : 1.768675 s : Deo mflop/s per rank   194046.6
Grid : Message : 1.768714 s : Deo mflop/s per node   194046.6
Grid : Message : 1.768717 s : ==================================================================================
Grid : Message : 1.768718 s : * Using GENERIC Nc WilsonKernels
Grid : Message : 1.768719 s : * Using Overlapped Comms/Compute
Grid : Message : 1.768720 s : * SINGLE precision 
Grid : Message : 1.768721 s : ==================================================================================
Grid : Message : 1.818751 s : Deo FlopsPerSite is 1200.0
Grid : Message : 1.818756 s : Deo mflop/s =   401601.4 (257.6) 381763.1-409600.0
Grid : Message : 1.818788 s : Deo mflop/s per rank   401601.4
Grid : Message : 1.818790 s : Deo mflop/s per node   401601.4
Grid : Message : 1.818793 s : ==================================================================================
Grid : Message : 1.818795 s : 16^4 x 1 Deo Best  mflop/s        =   463228.3 ; 463228.3 per node 
Grid : Message : 1.818798 s : 16^4 x 1 Deo Worst mflop/s        =   194046.6 ; 194046.6 per node 
Grid : Message : 1.818801 s : G/S/C ; G/O/C ; G/S/S ; G/O/S 
Grid : Message : 1.818802 s : 463228.3 ; 403986.3 ; 194046.6 ; 401601.4 ; 
Grid : Message : 1.818806 s : ==================================================================================
Grid : Message : 1.827487 s : ==================================================================================
Grid : Message : 1.827500 s : Benchmark DWF on 24^4 local volume 
Grid : Message : 1.827532 s : * Nc             : 3
Grid : Message : 1.827535 s : * Global volume  : 24 24 24 24 
Grid : Message : 1.827546 s : * Ls             : 1
Grid : Message : 1.827547 s : * ranks          : 1
Grid : Message : 1.827577 s : * nodes          : 1
Grid : Message : 1.827579 s : * ranks/node     : 1
Grid : Message : 1.827610 s : * ranks geom     : 1 1 1 1 
Grid : Message : 1.827613 s : * Using 128 threads
Grid : Message : 1.827642 s : ==================================================================================
Grid : Message : 1.905085 s : Initialised RNGs
Grid : Message : 2.273119 s : ==================================================================================
Grid : Message : 2.273141 s : * Using GENERIC Nc WilsonKernels
Grid : Message : 2.273147 s : * Using sequential Comms/Compute
Grid : Message : 2.273148 s : * SINGLE precision 
Grid : Message : 2.273149 s : ==================================================================================
Grid : Message : 2.493740 s : Deo FlopsPerSite is 1200.0
Grid : Message : 2.493760 s : Deo mflop/s =   492778.1 (6655.9) 412144.1-681731.5
Grid : Message : 2.493769 s : Deo mflop/s per rank   492778.1
Grid : Message : 2.493773 s : Deo mflop/s per node   492778.1
Grid : Message : 2.493776 s : ==================================================================================
Grid : Message : 2.493779 s : * Using GENERIC Nc WilsonKernels
Grid : Message : 2.493781 s : * Using Overlapped Comms/Compute
Grid : Message : 2.493782 s : * SINGLE precision 
Grid : Message : 2.493785 s : ==================================================================================
Grid : Message : 2.679589 s : Deo FlopsPerSite is 1200.0
Grid : Message : 2.679596 s : Deo mflop/s =   546727.3 (75.5) 538015.1-551428.3
Grid : Message : 2.679602 s : Deo mflop/s per rank   546727.3
Grid : Message : 2.679606 s : Deo mflop/s per node   546727.3
Grid : Message : 2.679609 s : ==================================================================================
Grid : Message : 2.679611 s : * Using GENERIC Nc WilsonKernels
Grid : Message : 2.679613 s : * Using sequential Comms/Compute
Grid : Message : 2.679877 s : * SINGLE precision 
Grid : Message : 2.679883 s : ==================================================================================
Grid : Message : 2.918356 s : Deo FlopsPerSite is 1200.0
Grid : Message : 2.918361 s : Deo mflop/s =   441324.5 (3365.7) 405428.9-601406.6
Grid : Message : 2.918396 s : Deo mflop/s per rank   441324.5
Grid : Message : 2.918399 s : Deo mflop/s per node   441324.5
Grid : Message : 2.918401 s : ==================================================================================
Grid : Message : 2.918402 s : * Using GENERIC Nc WilsonKernels
Grid : Message : 2.918403 s : * Using Overlapped Comms/Compute
Grid : Message : 2.918404 s : * SINGLE precision 
Grid : Message : 2.918407 s : ==================================================================================
Grid : Message : 3.104368 s : Deo FlopsPerSite is 1200.0
Grid : Message : 3.104373 s : Deo mflop/s =   546181.3 (147.5) 506528.2-551428.3
Grid : Message : 3.104377 s : Deo mflop/s per rank   546181.3
Grid : Message : 3.104379 s : Deo mflop/s per node   546181.3
Grid : Message : 3.104381 s : ==================================================================================
Grid : Message : 3.104382 s : 24^4 x 1 Deo Best  mflop/s        =   546727.3 ; 546727.3 per node 
Grid : Message : 3.104385 s : 24^4 x 1 Deo Worst mflop/s        =   441324.5 ; 441324.5 per node 
Grid : Message : 3.104388 s : G/S/C ; G/O/C ; G/S/S ; G/O/S 
Grid : Message : 3.104389 s : 492778.1 ; 546727.3 ; 441324.5 ; 546181.3 ; 
Grid : Message : 3.104392 s : ==================================================================================
Grid : Message : 3.147884 s : ==================================================================================
Grid : Message : 3.147903 s : Benchmark DWF on 32^4 local volume 
Grid : Message : 3.147912 s : * Nc             : 3
Grid : Message : 3.147915 s : * Global volume  : 32 32 32 32 
Grid : Message : 3.147929 s : * Ls             : 1
Grid : Message : 3.147930 s : * ranks          : 1
Grid : Message : 3.147933 s : * nodes          : 1
Grid : Message : 3.147935 s : * ranks/node     : 1
Grid : Message : 3.147937 s : * ranks geom     : 1 1 1 1 
Grid : Message : 3.147939 s : * Using 128 threads
Grid : Message : 3.147941 s : ==================================================================================
Grid : Message : 3.369827 s : Initialised RNGs
Grid : Message : 4.287478 s : ==================================================================================
Grid : Message : 4.287534 s : * Using GENERIC Nc WilsonKernels
Grid : Message : 4.287540 s : * Using sequential Comms/Compute
Grid : Message : 4.287545 s : * SINGLE precision 
Grid : Message : 4.287551 s : ==================================================================================
Grid : Message : 4.763536 s : Deo FlopsPerSite is 1200.0
Grid : Message : 4.763563 s : Deo mflop/s =   735036.4 (128.1) 712509.2-741043.1
Grid : Message : 4.763569 s : Deo mflop/s per rank   735036.4
Grid : Message : 4.763571 s : Deo mflop/s per node   735036.4
Grid : Message : 4.763574 s : ==================================================================================
Grid : Message : 4.763576 s : * Using GENERIC Nc WilsonKernels
Grid : Message : 4.763578 s : * Using Overlapped Comms/Compute
Grid : Message : 4.763580 s : * SINGLE precision 
Grid : Message : 4.763581 s : ==================================================================================
Grid : Message : 5.313899 s : Deo FlopsPerSite is 1200.0
Grid : Message : 5.313907 s : Deo mflop/s =   583137.2 (92.1) 577197.8-587986.5
Grid : Message : 5.313911 s : Deo mflop/s per rank   583137.2
Grid : Message : 5.313913 s : Deo mflop/s per node   583137.2
Grid : Message : 5.313915 s : ==================================================================================
Grid : Message : 5.313918 s : * Using GENERIC Nc WilsonKernels
Grid : Message : 5.313920 s : * Using sequential Comms/Compute
Grid : Message : 5.313922 s : * SINGLE precision 
Grid : Message : 5.313924 s : ==================================================================================
Grid : Message : 5.766930 s : Deo FlopsPerSite is 1200.0
Grid : Message : 5.766938 s : Deo mflop/s =   717856.9 (233.1) 700607.6-725658.1
Grid : Message : 5.766943 s : Deo mflop/s per rank   717856.9
Grid : Message : 5.766946 s : Deo mflop/s per node   717856.9
Grid : Message : 5.766949 s : ==================================================================================
Grid : Message : 5.766951 s : * Using GENERIC Nc WilsonKernels
Grid : Message : 5.766953 s : * Using Overlapped Comms/Compute
Grid : Message : 5.766955 s : * SINGLE precision 
Grid : Message : 5.766957 s : ==================================================================================
Grid : Message : 6.316401 s : Deo FlopsPerSite is 1200.0
Grid : Message : 6.316409 s : Deo mflop/s =   584067.3 (119.6) 570394.9-591302.3
Grid : Message : 6.316417 s : Deo mflop/s per rank   584067.3
Grid : Message : 6.316420 s : Deo mflop/s per node   584067.3
Grid : Message : 6.316422 s : ==================================================================================
Grid : Message : 6.316424 s : 32^4 x 1 Deo Best  mflop/s        =   735036.4 ; 735036.4 per node 
Grid : Message : 6.316429 s : 32^4 x 1 Deo Worst mflop/s        =   583137.2 ; 583137.2 per node 
Grid : Message : 6.316432 s : G/S/C ; G/O/C ; G/S/S ; G/O/S 
Grid : Message : 6.316433 s : 735036.4 ; 583137.2 ; 717856.9 ; 584067.3 ; 
Grid : Message : 6.316436 s : ==================================================================================
Grid : Message : 6.447541 s : ==================================================================================
Grid : Message : 6.447559 s :  Domain wall dslash 4D vectorised
Grid : Message : 6.447561 s : ==================================================================================
Grid : Message : 6.447702 s : ==================================================================================
Grid : Message : 6.447705 s : Benchmark DWF on 8^4 local volume 
Grid : Message : 6.447708 s : * Nc             : 3
Grid : Message : 6.447709 s : * Global volume  : 8 8 8 8 
Grid : Message : 6.447720 s : * Ls             : 12
Grid : Message : 6.447721 s : * ranks          : 1
Grid : Message : 6.447722 s : * nodes          : 1
Grid : Message : 6.447723 s : * ranks/node     : 1
Grid : Message : 6.447724 s : * ranks geom     : 1 1 1 1 
Grid : Message : 6.447726 s : * Using 128 threads
Grid : Message : 6.447727 s : ==================================================================================
Grid : Message : 6.454439 s : Initialised RNGs
Grid : Message : 6.500956 s : ==================================================================================
Grid : Message : 6.500963 s : * Using GENERIC Nc WilsonKernels
Grid : Message : 6.500968 s : * Using sequential Comms/Compute
Grid : Message : 6.500972 s : * SINGLE precision 
Grid : Message : 6.500973 s : ==================================================================================
Grid : Message : 6.545369 s : Deo FlopsPerSite is 1200.0
Grid : Message : 6.545385 s : Deo mflop/s =   344306.2 (6299.9) 265686.5-536203.6
Grid : Message : 6.545398 s : Deo mflop/s per rank   344306.2
Grid : Message : 6.545403 s : Deo mflop/s per node   344306.2
Grid : Message : 6.545408 s : ==================================================================================
Grid : Message : 6.545413 s : * Using GENERIC Nc WilsonKernels
Grid : Message : 6.545418 s : * Using Overlapped Comms/Compute
Grid : Message : 6.545423 s : * SINGLE precision 
Grid : Message : 6.545428 s : ==================================================================================
Grid : Message : 6.603247 s : Deo FlopsPerSite is 1200.0
Grid : Message : 6.603260 s : Deo mflop/s =   259733.7 (370.9) 204800.0-280868.6
Grid : Message : 6.603267 s : Deo mflop/s per rank   259733.7
Grid : Message : 6.603280 s : Deo mflop/s per node   259733.7
Grid : Message : 6.603378 s : ==================================================================================
Grid : Message : 6.603446 s : * Using GENERIC Nc WilsonKernels
Grid : Message : 6.603449 s : * Using sequential Comms/Compute
Grid : Message : 6.603468 s : * SINGLE precision 
Grid : Message : 6.603469 s : ==================================================================================
Grid : Message : 6.657339 s : Deo FlopsPerSite is 1200.0
Grid : Message : 6.657346 s : Deo mflop/s =   279172.3 (611.0) 228614.0-313736.2
Grid : Message : 6.657355 s : Deo mflop/s per rank   279172.3
Grid : Message : 6.657369 s : Deo mflop/s per node   279172.3
Grid : Message : 6.657386 s : ==================================================================================
Grid : Message : 6.657397 s : * Using GENERIC Nc WilsonKernels
Grid : Message : 6.657410 s : * Using Overlapped Comms/Compute
Grid : Message : 6.657423 s : * SINGLE precision 
Grid : Message : 6.657435 s : ==================================================================================
Grid : Message : 6.689419 s : Deo FlopsPerSite is 1200.0
Grid : Message : 6.689424 s : Deo mflop/s =   472070.7 (732.2) 427408.7-491520.0
Grid : Message : 6.689433 s : Deo mflop/s per rank   472070.7
Grid : Message : 6.689438 s : Deo mflop/s per node   472070.7
Grid : Message : 6.689472 s : ==================================================================================
Grid : Message : 6.689509 s : 8^4 x 12 Deo Best  mflop/s        =   472070.7 ; 472070.7 per node 
Grid : Message : 6.689546 s : 8^4 x 12 Deo Worst mflop/s        =   259733.7 ; 259733.7 per node 
Grid : Message : 6.689564 s : G/S/C ; G/O/C ; G/S/S ; G/O/S 
Grid : Message : 6.689565 s : 344306.2 ; 259733.7 ; 279172.3 ; 472070.7 ; 
Grid : Message : 6.689569 s : ==================================================================================
Grid : Message : 6.694138 s : ==================================================================================
Grid : Message : 6.694145 s : Benchmark DWF on 12^4 local volume 
Grid : Message : 6.694179 s : * Nc             : 3
Grid : Message : 6.694275 s : * Global volume  : 12 12 12 12 
Grid : Message : 6.694323 s : * Ls             : 12
Grid : Message : 6.694365 s : * ranks          : 1
Grid : Message : 6.694439 s : * nodes          : 1
Grid : Message : 6.694514 s : * ranks/node     : 1
Grid : Message : 6.694594 s : * ranks geom     : 1 1 1 1 
Grid : Message : 6.694728 s : * Using 128 threads
Grid : Message : 6.694809 s : ==================================================================================
Grid : Message : 6.714575 s : Initialised RNGs
Grid : Message : 6.774249 s : ==================================================================================
Grid : Message : 6.774356 s : * Using GENERIC Nc WilsonKernels
Grid : Message : 6.774375 s : * Using sequential Comms/Compute
Grid : Message : 6.774389 s : * SINGLE precision 
Grid : Message : 6.774408 s : ==================================================================================
Grid : Message : 6.863638 s : Deo FlopsPerSite is 1200.0
Grid : Message : 6.863681 s : Deo mflop/s =   892969.8 (998.3) 820325.3-921600.0
Grid : Message : 6.863697 s : Deo mflop/s per rank   892969.8
Grid : Message : 6.863744 s : Deo mflop/s per node   892969.8
Grid : Message : 6.863874 s : ==================================================================================
Grid : Message : 6.863958 s : * Using GENERIC Nc WilsonKernels
Grid : Message : 6.863989 s : * Using Overlapped Comms/Compute
Grid : Message : 6.864030 s : * SINGLE precision 
Grid : Message : 6.864033 s : ==================================================================================
Grid : Message : 6.948505 s : Deo FlopsPerSite is 1200.0
Grid : Message : 6.948619 s : Deo mflop/s =   902873.7 (287.3) 883427.2-921600.0
Grid : Message : 6.948714 s : Deo mflop/s per rank   902873.7
Grid : Message : 6.948785 s : Deo mflop/s per node   902873.7
Grid : Message : 6.948834 s : ==================================================================================
Grid : Message : 6.948914 s : * Using GENERIC Nc WilsonKernels
Grid : Message : 6.948986 s : * Using sequential Comms/Compute
Grid : Message : 6.949068 s : * SINGLE precision 
Grid : Message : 6.949103 s : ==================================================================================
Grid : Message : 7.429610 s : Deo FlopsPerSite is 1200.0
Grid : Message : 7.430740 s : Deo mflop/s =   812424.2 (277.0) 769583.5-824857.5
Grid : Message : 7.431590 s : Deo mflop/s per rank   812424.2
Grid : Message : 7.432360 s : Deo mflop/s per node   812424.2
Grid : Message : 7.432400 s : ==================================================================================
Grid : Message : 7.432410 s : * Using GENERIC Nc WilsonKernels
Grid : Message : 7.433070 s : * Using Overlapped Comms/Compute
Grid : Message : 7.433890 s : * SINGLE precision 
Grid : Message : 7.434260 s : ==================================================================================
Grid : Message : 7.127943 s : Deo FlopsPerSite is 1200.0
Grid : Message : 7.127950 s : Deo mflop/s =   902186.3 (300.0) 868018.6-915946.0
Grid : Message : 7.127984 s : Deo mflop/s per rank   902186.3
Grid : Message : 7.127986 s : Deo mflop/s per node   902186.3
Grid : Message : 7.127988 s : ==================================================================================
Grid : Message : 7.127989 s : 12^4 x 12 Deo Best  mflop/s        =   902873.7 ; 902873.7 per node 
Grid : Message : 7.127992 s : 12^4 x 12 Deo Worst mflop/s        =   812424.2 ; 812424.2 per node 
Grid : Message : 7.127994 s : G/S/C ; G/O/C ; G/S/S ; G/O/S 
Grid : Message : 7.128036 s : 892969.8 ; 902873.7 ; 812424.2 ; 902186.3 ; 
Grid : Message : 7.128133 s : ==================================================================================
Grid : Message : 7.140516 s : ==================================================================================
Grid : Message : 7.140631 s : Benchmark DWF on 16^4 local volume 
Grid : Message : 7.140667 s : * Nc             : 3
Grid : Message : 7.140872 s : * Global volume  : 16 16 16 16 
Grid : Message : 7.140975 s : * Ls             : 12
Grid : Message : 7.141014 s : * ranks          : 1
Grid : Message : 7.141015 s : * nodes          : 1
Grid : Message : 7.141016 s : * ranks/node     : 1
Grid : Message : 7.141017 s : * ranks geom     : 1 1 1 1 
Grid : Message : 7.141020 s : * Using 128 threads
Grid : Message : 7.141021 s : ==================================================================================
Grid : Message : 7.254312 s : Initialised RNGs
Grid : Message : 7.414640 s : ==================================================================================
Grid : Message : 7.414788 s : * Using GENERIC Nc WilsonKernels
Grid : Message : 7.414826 s : * Using sequential Comms/Compute
Grid : Message : 7.414858 s : * SINGLE precision 
Grid : Message : 7.414885 s : ==================================================================================
Grid : Message : 7.666947 s : Deo FlopsPerSite is 1200.0
Grid : Message : 7.666966 s : Deo mflop/s =   1002066.7 (1190.3) 865796.7-1050911.4
Grid : Message : 7.666972 s : Deo mflop/s per rank   1002066.7
Grid : Message : 7.666975 s : Deo mflop/s per node   1002066.7
Grid : Message : 7.667264 s : ==================================================================================
Grid : Message : 7.667266 s : * Using GENERIC Nc WilsonKernels
Grid : Message : 7.667267 s : * Using Overlapped Comms/Compute
Grid : Message : 7.667268 s : * SINGLE precision 
Grid : Message : 7.667269 s : ==================================================================================
Grid : Message : 7.931831 s : Deo FlopsPerSite is 1200.0
Grid : Message : 7.931837 s : Deo mflop/s =   909885.2 (143.0) 897070.7-916231.5
Grid : Message : 7.931842 s : Deo mflop/s per rank   909885.2
Grid : Message : 7.931845 s : Deo mflop/s per node   909885.2
Grid : Message : 7.931848 s : ==================================================================================
Grid : Message : 7.931849 s : * Using GENERIC Nc WilsonKernels
Grid : Message : 7.931850 s : * Using sequential Comms/Compute
Grid : Message : 7.931851 s : * SINGLE precision 
Grid : Message : 7.931852 s : ==================================================================================
Grid : Message : 8.175914 s : Deo FlopsPerSite is 1200.0
Grid : Message : 8.175920 s : Deo mflop/s =   998631.1 (294.9) 974915.7-1008246.2
Grid : Message : 8.175924 s : Deo mflop/s per rank   998631.1
Grid : Message : 8.175927 s : Deo mflop/s per node   998631.1
Grid : Message : 8.175930 s : ==================================================================================
Grid : Message : 8.175932 s : * Using GENERIC Nc WilsonKernels
Grid : Message : 8.175934 s : * Using Overlapped Comms/Compute
Grid : Message : 8.175937 s : * SINGLE precision 
Grid : Message : 8.175938 s : ==================================================================================
Grid : Message : 8.442010 s : Deo FlopsPerSite is 1200.0
Grid : Message : 8.442015 s : Deo mflop/s =   904901.7 (231.4) 888623.7-916231.5
Grid : Message : 8.442020 s : Deo mflop/s per rank   904901.7
Grid : Message : 8.442022 s : Deo mflop/s per node   904901.7
Grid : Message : 8.442024 s : ==================================================================================
Grid : Message : 8.442025 s : 16^4 x 12 Deo Best  mflop/s        =   1002066.7 ; 1002066.7 per node 
Grid : Message : 8.442030 s : 16^4 x 12 Deo Worst mflop/s        =   904901.7 ; 904901.7 per node 
Grid : Message : 8.442032 s : G/S/C ; G/O/C ; G/S/S ; G/O/S 
Grid : Message : 8.442033 s : 1002066.7 ; 909885.2 ; 998631.1 ; 904901.7 ; 
Grid : Message : 8.442036 s : ==================================================================================
Grid : Message : 8.483795 s : ==================================================================================
Grid : Message : 8.483812 s : Benchmark DWF on 24^4 local volume 
Grid : Message : 8.483816 s : * Nc             : 3
Grid : Message : 8.483818 s : * Global volume  : 24 24 24 24 
Grid : Message : 8.483830 s : * Ls             : 12
Grid : Message : 8.483833 s : * ranks          : 1
Grid : Message : 8.483836 s : * nodes          : 1
Grid : Message : 8.483837 s : * ranks/node     : 1
Grid : Message : 8.483838 s : * ranks geom     : 1 1 1 1 
Grid : Message : 8.483840 s : * Using 128 threads
Grid : Message : 8.483841 s : ==================================================================================
Grid : Message : 8.954481 s : Initialised RNGs
Grid : Message : 9.908060 s : ==================================================================================
Grid : Message : 9.908135 s : * Using GENERIC Nc WilsonKernels
Grid : Message : 9.908137 s : * Using sequential Comms/Compute
Grid : Message : 9.908138 s : * SINGLE precision 
Grid : Message : 9.908145 s : ==================================================================================
Grid : Message : 11.930220 s : Deo FlopsPerSite is 1200.0
Grid : Message : 11.930570 s : Deo mflop/s =   1057771.8 (302.6) 958582.3-1063574.0
Grid : Message : 11.930620 s : Deo mflop/s per rank   1057771.8
Grid : Message : 11.930650 s : Deo mflop/s per node   1057771.8
Grid : Message : 11.930680 s : ==================================================================================
Grid : Message : 11.930700 s : * Using GENERIC Nc WilsonKernels
Grid : Message : 11.931090 s : * Using Overlapped Comms/Compute
Grid : Message : 11.931130 s : * SINGLE precision 
Grid : Message : 11.931150 s : ==================================================================================
Grid : Message : 12.251999 s : Deo FlopsPerSite is 1200.0
Grid : Message : 12.252010 s : Deo mflop/s =   1051340.8 (86.7) 1044506.9-1056985.5
Grid : Message : 12.252015 s : Deo mflop/s per rank   1051340.8
Grid : Message : 12.252017 s : Deo mflop/s per node   1051340.8
Grid : Message : 12.252019 s : ==================================================================================
Grid : Message : 12.252021 s : * Using GENERIC Nc WilsonKernels
Grid : Message : 12.252022 s : * Using sequential Comms/Compute
Grid : Message : 12.252027 s : * SINGLE precision 
Grid : Message : 12.252028 s : ==================================================================================
Grid : Message : 13.441752 s : Deo FlopsPerSite is 1200.0
Grid : Message : 13.441943 s : Deo mflop/s =   1028882.4 (14367.1) 176567.9-1055118.0
Grid : Message : 13.442061 s : Deo mflop/s per rank   1028882.4
Grid : Message : 13.442103 s : Deo mflop/s per node   1028882.4
Grid : Message : 13.442166 s : ==================================================================================
Grid : Message : 13.442193 s : * Using GENERIC Nc WilsonKernels
Grid : Message : 13.442295 s : * Using Overlapped Comms/Compute
Grid : Message : 13.442379 s : * SINGLE precision 
Grid : Message : 13.442442 s : ==================================================================================
Grid : Message : 14.602743 s : Deo FlopsPerSite is 1200.0
Grid : Message : 14.602773 s : Deo mflop/s =   1050034.8 (107.1) 1032319.4-1056518.0
Grid : Message : 14.602779 s : Deo mflop/s per rank   1050034.8
Grid : Message : 14.602781 s : Deo mflop/s per node   1050034.8
Grid : Message : 14.602783 s : ==================================================================================
Grid : Message : 14.602784 s : 24^4 x 12 Deo Best  mflop/s        =   1057771.8 ; 1057771.8 per node 
Grid : Message : 14.602824 s : 24^4 x 12 Deo Worst mflop/s        =   1028882.4 ; 1028882.4 per node 
Grid : Message : 14.602827 s : G/S/C ; G/O/C ; G/S/S ; G/O/S 
Grid : Message : 14.602828 s : 1057771.8 ; 1051340.8 ; 1028882.4 ; 1050034.8 ; 
Grid : Message : 14.602835 s : ==================================================================================
Grid : Message : 14.816583 s : ==================================================================================
Grid : Message : 14.816605 s : Benchmark DWF on 32^4 local volume 
Grid : Message : 14.816656 s : * Nc             : 3
Grid : Message : 14.816680 s : * Global volume  : 32 32 32 32 
Grid : Message : 14.816691 s : * Ls             : 12
Grid : Message : 14.816692 s : * ranks          : 1
Grid : Message : 14.816694 s : * nodes          : 1
Grid : Message : 14.816695 s : * ranks/node     : 1
Grid : Message : 14.816698 s : * ranks geom     : 1 1 1 1 
Grid : Message : 14.816728 s : * Using 128 threads
Grid : Message : 14.816756 s : ==================================================================================
Grid : Message : 16.290019 s : Initialised RNGs
Grid : Message : 18.973423 s : ==================================================================================
Grid : Message : 18.973476 s : * Using GENERIC Nc WilsonKernels
Grid : Message : 18.973477 s : * Using sequential Comms/Compute
Grid : Message : 18.973478 s : * SINGLE precision 
Grid : Message : 18.973479 s : ==================================================================================
Grid : Message : 22.800918 s : Deo FlopsPerSite is 1200.0
Grid : Message : 22.800944 s : Deo mflop/s =   1034980.7 (88.8) 1030541.5-1041919.3
Grid : Message : 22.800950 s : Deo mflop/s per rank   1034980.7
Grid : Message : 22.800952 s : Deo mflop/s per node   1034980.7
Grid : Message : 22.800955 s : ==================================================================================
Grid : Message : 22.800957 s : * Using GENERIC Nc WilsonKernels
Grid : Message : 22.800958 s : * Using Overlapped Comms/Compute
Grid : Message : 22.800960 s : * SINGLE precision 
Grid : Message : 22.800962 s : ==================================================================================
Grid : Message : 26.769104 s : Deo FlopsPerSite is 1200.0
Grid : Message : 26.769114 s : Deo mflop/s =   970327.4 (51.6) 965440.8-974664.0
Grid : Message : 26.769119 s : Deo mflop/s per rank   970327.4
Grid : Message : 26.769121 s : Deo mflop/s per node   970327.4
Grid : Message : 26.769123 s : ==================================================================================
Grid : Message : 26.769125 s : * Using GENERIC Nc WilsonKernels
Grid : Message : 26.769126 s : * Using sequential Comms/Compute
Grid : Message : 26.769128 s : * SINGLE precision 
Grid : Message : 26.769129 s : ==================================================================================
Grid : Message : 30.506911 s : Deo FlopsPerSite is 1200.0
Grid : Message : 30.506927 s : Deo mflop/s =   1030578.7 (537.5) 833949.8-1040770.2
Grid : Message : 30.506938 s : Deo mflop/s per rank   1030578.7
Grid : Message : 30.506942 s : Deo mflop/s per node   1030578.7
Grid : Message : 30.506946 s : ==================================================================================
Grid : Message : 30.506950 s : * Using GENERIC Nc WilsonKernels
Grid : Message : 30.506952 s : * Using Overlapped Comms/Compute
Grid : Message : 30.506955 s : * SINGLE precision 
Grid : Message : 30.506957 s : ==================================================================================
Grid : Message : 34.476625 s : Deo FlopsPerSite is 1200.0
Grid : Message : 34.476687 s : Deo mflop/s =   969965.7 (60.9) 958941.6-975419.5
Grid : Message : 34.476693 s : Deo mflop/s per rank   969965.7
Grid : Message : 34.476696 s : Deo mflop/s per node   969965.7
Grid : Message : 34.476699 s : ==================================================================================
Grid : Message : 34.476702 s : 32^4 x 12 Deo Best  mflop/s        =   1034980.7 ; 1034980.7 per node 
Grid : Message : 34.476706 s : 32^4 x 12 Deo Worst mflop/s        =   969965.7 ; 969965.7 per node 
Grid : Message : 34.476709 s : G/S/C ; G/O/C ; G/S/S ; G/O/S 
Grid : Message : 34.476711 s : 1034980.7 ; 970327.4 ; 1030578.7 ; 969965.7 ; 
Grid : Message : 34.476715 s : ==================================================================================
Grid : Message : 35.168450 s : ==================================================================================
Grid : Message : 35.168471 s :  Improved Staggered dslash 4D vectorised
Grid : Message : 35.168474 s : ==================================================================================
Grid : Message : 35.168658 s : ==================================================================================
Grid : Message : 35.168662 s : Benchmark ImprovedStaggered on 8^4 local volume 
Grid : Message : 35.168666 s : * Global volume  : 8 8 8 8 
Grid : Message : 35.168676 s : * ranks          : 1
Grid : Message : 35.168680 s : * nodes          : 1
Grid : Message : 35.168682 s : * ranks/node     : 1
Grid : Message : 35.168684 s : * ranks geom     : 1 1 1 1 
Grid : Message : 35.168686 s : * Using 128 threads
Grid : Message : 35.168688 s : ==================================================================================
Grid : Message : 35.170703 s : Initialised RNGs
Grid : Message : 35.409737 s : ==================================================================================
Grid : Message : 35.409755 s : * Using GENERIC Nc StaggeredKernels
Grid : Message : 35.409758 s : * Using sequential Comms/Compute
Grid : Message : 35.409759 s : * SINGLE precision 
Grid : Message : 35.409760 s : ==================================================================================
Grid : Message : 35.642668 s : Deo mflop/s =   5215.9 (96.4) 3416.3-8757.5
Grid : Message : 35.642689 s : Deo mflop/s per rank   5215.9
Grid : Message : 35.642693 s : Deo mflop/s per node   5215.9
Grid : Message : 35.642695 s : ==================================================================================
Grid : Message : 35.642696 s : * Using GENERIC Nc StaggeredKernels
Grid : Message : 35.642698 s : * Using Overlapped Comms/Compute
Grid : Message : 35.642699 s : * SINGLE precision 
Grid : Message : 35.642702 s : ==================================================================================
Grid : Message : 35.679196 s : Deo mflop/s =   32946.9 (139.6) 16528.2-41175.6
Grid : Message : 35.679275 s : Deo mflop/s per rank   32946.9
Grid : Message : 35.679278 s : Deo mflop/s per node   32946.9
Grid : Message : 35.679286 s : ==================================================================================
Grid : Message : 35.679290 s : * Using GENERIC Nc StaggeredKernels
Grid : Message : 35.679294 s : * Using sequential Comms/Compute
Grid : Message : 35.679297 s : * SINGLE precision 
Grid : Message : 35.679298 s : ==================================================================================
Grid : Message : 36.677810 s : Deo mflop/s =   3131.3 (14.7) 2417.1-4025.7
Grid : Message : 36.678020 s : Deo mflop/s per rank   3131.3
Grid : Message : 36.678320 s : Deo mflop/s per node   3131.3
Grid : Message : 36.678450 s : ==================================================================================
Grid : Message : 36.678500 s : * Using GENERIC Nc StaggeredKernels
Grid : Message : 36.678540 s : * Using Overlapped Comms/Compute
Grid : Message : 36.678580 s : * SINGLE precision 
Grid : Message : 36.678620 s : ==================================================================================
Grid : Message : 36.115188 s : Deo mflop/s =   25293.2 (378.8) 17515.0-32597.3
Grid : Message : 36.115201 s : Deo mflop/s per rank   25293.2
Grid : Message : 36.115205 s : Deo mflop/s per node   25293.2
Grid : Message : 36.115207 s : ==================================================================================
Grid : Message : 36.115208 s : 8^4  Deo Best  mflop/s        =   32946.9 ; 32946.9 per node 
Grid : Message : 36.115211 s : 8^4  Deo Worst mflop/s        =   3131.3 ; 3131.3 per node 
Grid : Message : 36.115214 s : G/S/C ; G/O/C ; G/S/S ; G/O/S 
Grid : Message : 36.115215 s : 5215.9 ; 32946.9 ; 3131.3 ; 25293.2 ; 
Grid : Message : 36.115218 s : ==================================================================================
Grid : Message : 36.116717 s : ==================================================================================
Grid : Message : 36.116729 s : Benchmark ImprovedStaggered on 12^4 local volume 
Grid : Message : 36.116732 s : * Global volume  : 12 12 12 12 
Grid : Message : 36.116758 s : * ranks          : 1
Grid : Message : 36.116769 s : * nodes          : 1
Grid : Message : 36.116774 s : * ranks/node     : 1
Grid : Message : 36.116779 s : * ranks geom     : 1 1 1 1 
Grid : Message : 36.116785 s : * Using 128 threads
Grid : Message : 36.116906 s : ==================================================================================
Grid : Message : 36.121191 s : Initialised RNGs
Grid : Message : 36.189551 s : ==================================================================================
Grid : Message : 36.189617 s : * Using GENERIC Nc StaggeredKernels
Grid : Message : 36.189649 s : * Using sequential Comms/Compute
Grid : Message : 36.189815 s : * SINGLE precision 
Grid : Message : 36.189843 s : ==================================================================================
Grid : Message : 36.433082 s : Deo mflop/s =   25330.9 (326.1) 16121.7-37719.8
Grid : Message : 36.433095 s : Deo mflop/s per rank   25330.9
Grid : Message : 36.433098 s : Deo mflop/s per node   25330.9
Grid : Message : 36.433100 s : ==================================================================================
Grid : Message : 36.433101 s : * Using GENERIC Nc StaggeredKernels
Grid : Message : 36.433102 s : * Using Overlapped Comms/Compute
Grid : Message : 36.433103 s : * SINGLE precision 
Grid : Message : 36.433104 s : ==================================================================================
Grid : Message : 36.473390 s : Deo mflop/s =   150894.4 (56.8) 146688.0-154308.2
Grid : Message : 36.473399 s : Deo mflop/s per rank   150894.4
Grid : Message : 36.473403 s : Deo mflop/s per node   150894.4
Grid : Message : 36.473407 s : ==================================================================================
Grid : Message : 36.473408 s : * Using GENERIC Nc StaggeredKernels
Grid : Message : 36.473410 s : * Using sequential Comms/Compute
Grid : Message : 36.473411 s : * SINGLE precision 
Grid : Message : 36.473417 s : ==================================================================================
Grid : Message : 36.868298 s : Deo mflop/s =   15385.3 (225.2) 13013.9-34241.3
Grid : Message : 36.868308 s : Deo mflop/s per rank   15385.3
Grid : Message : 36.868311 s : Deo mflop/s per node   15385.3
Grid : Message : 36.868313 s : ==================================================================================
Grid : Message : 36.868316 s : * Using GENERIC Nc StaggeredKernels
Grid : Message : 36.868317 s : * Using Overlapped Comms/Compute
Grid : Message : 36.868318 s : * SINGLE precision 
Grid : Message : 36.868319 s : ==================================================================================
Grid : Message : 36.934051 s : Deo mflop/s =   91911.2 (1531.2) 71148.1-132019.2
Grid : Message : 36.934087 s : Deo mflop/s per rank   91911.2
Grid : Message : 36.934099 s : Deo mflop/s per node   91911.2
Grid : Message : 36.934140 s : ==================================================================================
Grid : Message : 36.934251 s : 12^4  Deo Best  mflop/s        =   150894.4 ; 150894.4 per node 
Grid : Message : 36.934320 s : 12^4  Deo Worst mflop/s        =   15385.3 ; 15385.3 per node 
Grid : Message : 36.934361 s : G/S/C ; G/O/C ; G/S/S ; G/O/S 
Grid : Message : 36.934404 s : 25330.9 ; 150894.4 ; 15385.3 ; 91911.2 ; 
Grid : Message : 36.934450 s : ==================================================================================
Grid : Message : 36.935793 s : ==================================================================================
Grid : Message : 36.935849 s : Benchmark ImprovedStaggered on 16^4 local volume 
Grid : Message : 36.935892 s : * Global volume  : 16 16 16 16 
Grid : Message : 36.935969 s : * ranks          : 1
Grid : Message : 36.936004 s : * nodes          : 1
Grid : Message : 36.936052 s : * ranks/node     : 1
Grid : Message : 36.936088 s : * ranks geom     : 1 1 1 1 
Grid : Message : 36.936172 s : * Using 128 threads
Grid : Message : 36.936216 s : ==================================================================================
Grid : Message : 36.945623 s : Initialised RNGs
Grid : Message : 37.775450 s : ==================================================================================
Grid : Message : 37.776360 s : * Using GENERIC Nc StaggeredKernels
Grid : Message : 37.777660 s : * Using sequential Comms/Compute
Grid : Message : 37.779110 s : * SINGLE precision 
Grid : Message : 37.779690 s : ==================================================================================
Grid : Message : 37.338232 s : Deo mflop/s =   76336.0 (246.6) 63219.1-81812.9
Grid : Message : 37.338256 s : Deo mflop/s per rank   76336.0
Grid : Message : 37.338259 s : Deo mflop/s per node   76336.0
Grid : Message : 37.338262 s : ==================================================================================
Grid : Message : 37.338264 s : * Using GENERIC Nc StaggeredKernels
Grid : Message : 37.338268 s : * Using Overlapped Comms/Compute
Grid : Message : 37.338396 s : * SINGLE precision 
Grid : Message : 37.338430 s : ==================================================================================
Grid : Message : 37.407840 s : Deo mflop/s =   276553.8 (113.3) 262602.3-282346.8
Grid : Message : 37.407848 s : Deo mflop/s per rank   276553.8
Grid : Message : 37.407850 s : Deo mflop/s per node   276553.8
Grid : Message : 37.407853 s : ==================================================================================
Grid : Message : 37.407855 s : * Using GENERIC Nc StaggeredKernels
Grid : Message : 37.407856 s : * Using sequential Comms/Compute
Grid : Message : 37.407857 s : * SINGLE precision 
Grid : Message : 37.407858 s : ==================================================================================
Grid : Message : 37.653974 s : Deo mflop/s =   77865.7 (1079.2) 12755.5-80068.5
Grid : Message : 37.653985 s : Deo mflop/s per rank   77865.7
Grid : Message : 37.653989 s : Deo mflop/s per node   77865.7
Grid : Message : 37.653991 s : ==================================================================================
Grid : Message : 37.653992 s : * Using GENERIC Nc StaggeredKernels
Grid : Message : 37.653993 s : * Using Overlapped Comms/Compute
Grid : Message : 37.653997 s : * SINGLE precision 
Grid : Message : 37.653998 s : ==================================================================================
Grid : Message : 37.739097 s : Deo mflop/s =   223844.3 (4714.7) 164702.3-341383.0
Grid : Message : 37.739109 s : Deo mflop/s per rank   223844.3
Grid : Message : 37.739113 s : Deo mflop/s per node   223844.3
Grid : Message : 37.739116 s : ==================================================================================
Grid : Message : 37.739119 s : 16^4  Deo Best  mflop/s        =   276553.8 ; 276553.8 per node 
Grid : Message : 37.739124 s : 16^4  Deo Worst mflop/s        =   76336.0 ; 76336.0 per node 
Grid : Message : 37.739128 s : G/S/C ; G/O/C ; G/S/S ; G/O/S 
Grid : Message : 37.739133 s : 76336.0 ; 276553.8 ; 77865.7 ; 223844.3 ; 
Grid : Message : 37.739138 s : ==================================================================================
Grid : Message : 37.742787 s : ==================================================================================
Grid : Message : 37.742794 s : Benchmark ImprovedStaggered on 24^4 local volume 
Grid : Message : 37.742805 s : * Global volume  : 24 24 24 24 
Grid : Message : 37.742816 s : * ranks          : 1
Grid : Message : 37.742823 s : * nodes          : 1
Grid : Message : 37.742827 s : * ranks/node     : 1
Grid : Message : 37.742831 s : * ranks geom     : 1 1 1 1 
Grid : Message : 37.742836 s : * Using 128 threads
Grid : Message : 37.742841 s : ==================================================================================
Grid : Message : 37.775817 s : Initialised RNGs
Grid : Message : 38.252932 s : ==================================================================================
Grid : Message : 38.253080 s : * Using GENERIC Nc StaggeredKernels
Grid : Message : 38.253109 s : * Using sequential Comms/Compute
Grid : Message : 38.253136 s : * SINGLE precision 
Grid : Message : 38.253166 s : ==================================================================================
Grid : Message : 38.905368 s : Deo mflop/s =   157800.3 (91.6) 131199.2-159085.9
Grid : Message : 38.905392 s : Deo mflop/s per rank   157800.3
Grid : Message : 38.905399 s : Deo mflop/s per node   157800.3
Grid : Message : 38.905403 s : ==================================================================================
Grid : Message : 38.905406 s : * Using GENERIC Nc StaggeredKernels
Grid : Message : 38.905407 s : * Using Overlapped Comms/Compute
Grid : Message : 38.905408 s : * SINGLE precision 
Grid : Message : 38.905410 s : ==================================================================================
Grid : Message : 39.128797 s : Deo mflop/s =   434498.0 (260.8) 393597.6-445217.0
Grid : Message : 39.128833 s : Deo mflop/s per rank   434498.0
Grid : Message : 39.128836 s : Deo mflop/s per node   434498.0
Grid : Message : 39.128839 s : ==================================================================================
Grid : Message : 39.128842 s : * Using GENERIC Nc StaggeredKernels
Grid : Message : 39.128850 s : * Using sequential Comms/Compute
Grid : Message : 39.128852 s : * SINGLE precision 
Grid : Message : 39.128854 s : ==================================================================================
Grid : Message : 39.831347 s : Deo mflop/s =   139753.2 (84.3) 137959.1-155443.7
Grid : Message : 39.831356 s : Deo mflop/s per rank   139753.2
Grid : Message : 39.831359 s : Deo mflop/s per node   139753.2
Grid : Message : 39.831362 s : ==================================================================================
Grid : Message : 39.831365 s : * Using GENERIC Nc StaggeredKernels
Grid : Message : 39.831368 s : * Using Overlapped Comms/Compute
Grid : Message : 39.831371 s : * SINGLE precision 
Grid : Message : 39.831374 s : ==================================================================================
Grid : Message : 40.819120 s : Deo mflop/s =   386268.9 (2238.3) 343154.6-444176.7
Grid : Message : 40.819220 s : Deo mflop/s per rank   386268.9
Grid : Message : 40.819240 s : Deo mflop/s per node   386268.9
Grid : Message : 40.819270 s : ==================================================================================
Grid : Message : 40.819290 s : 24^4  Deo Best  mflop/s        =   434498.0 ; 434498.0 per node 
Grid : Message : 40.819340 s : 24^4  Deo Worst mflop/s        =   139753.2 ; 139753.2 per node 
Grid : Message : 40.819380 s : G/S/C ; G/O/C ; G/S/S ; G/O/S 
Grid : Message : 40.819400 s : 157800.3 ; 434498.0 ; 139753.2 ; 386268.9 ; 
Grid : Message : 40.819440 s : ==================================================================================
Grid : Message : 40.101891 s : ==================================================================================
Grid : Message : 40.101914 s : Benchmark ImprovedStaggered on 32^4 local volume 
Grid : Message : 40.101917 s : * Global volume  : 32 32 32 32 
Grid : Message : 40.101929 s : * ranks          : 1
Grid : Message : 40.101931 s : * nodes          : 1
Grid : Message : 40.101935 s : * ranks/node     : 1
Grid : Message : 40.101936 s : * ranks geom     : 1 1 1 1 
Grid : Message : 40.101939 s : * Using 128 threads
Grid : Message : 40.101940 s : ==================================================================================
Grid : Message : 40.192235 s : Initialised RNGs
Grid : Message : 41.819085 s : ==================================================================================
Grid : Message : 41.819105 s : * Using GENERIC Nc StaggeredKernels
Grid : Message : 41.819106 s : * Using sequential Comms/Compute
Grid : Message : 41.819107 s : * SINGLE precision 
Grid : Message : 41.819109 s : ==================================================================================
Grid : Message : 43.556682 s : Deo mflop/s =   183693.0 (128.1) 170594.6-185557.1
Grid : Message : 43.556714 s : Deo mflop/s per rank   183693.0
Grid : Message : 43.556722 s : Deo mflop/s per node   183693.0
Grid : Message : 43.556761 s : ==================================================================================
Grid : Message : 43.556764 s : * Using GENERIC Nc StaggeredKernels
Grid : Message : 43.556791 s : * Using Overlapped Comms/Compute
Grid : Message : 43.556793 s : * SINGLE precision 
Grid : Message : 43.556794 s : ==================================================================================
Grid : Message : 44.210330 s : Deo mflop/s =   468955.4 (39.1) 465041.8-470873.1
Grid : Message : 44.210338 s : Deo mflop/s per rank   468955.4
Grid : Message : 44.210342 s : Deo mflop/s per node   468955.4
Grid : Message : 44.210346 s : ==================================================================================
Grid : Message : 44.210347 s : * Using GENERIC Nc StaggeredKernels
Grid : Message : 44.210350 s : * Using sequential Comms/Compute
Grid : Message : 44.210351 s : * SINGLE precision 
Grid : Message : 44.210352 s : ==================================================================================
Grid : Message : 45.967140 s : Deo mflop/s =   175281.2 (12.1) 173151.0-177446.6
Grid : Message : 45.967158 s : Deo mflop/s per rank   175281.2
Grid : Message : 45.967165 s : Deo mflop/s per node   175281.2
Grid : Message : 45.967172 s : ==================================================================================
Grid : Message : 45.967179 s : * Using GENERIC Nc StaggeredKernels
Grid : Message : 45.967185 s : * Using Overlapped Comms/Compute
Grid : Message : 45.967201 s : * SINGLE precision 
Grid : Message : 45.967233 s : ==================================================================================
Grid : Message : 46.619705 s : Deo mflop/s =   469698.1 (68.7) 461115.9-473843.9
Grid : Message : 46.619715 s : Deo mflop/s per rank   469698.1
Grid : Message : 46.619719 s : Deo mflop/s per node   469698.1
Grid : Message : 46.619723 s : ==================================================================================
Grid : Message : 46.619724 s : 32^4  Deo Best  mflop/s        =   469698.1 ; 469698.1 per node 
Grid : Message : 46.619749 s : 32^4  Deo Worst mflop/s        =   175281.2 ; 175281.2 per node 
Grid : Message : 46.619752 s : G/S/C ; G/O/C ; G/S/S ; G/O/S 
Grid : Message : 46.619753 s : 183693.0 ; 468955.4 ; 175281.2 ; 469698.1 ; 
Grid : Message : 46.619757 s : ==================================================================================
Grid : Message : 46.690588 s : ==================================================================================
Grid : Message : 46.690608 s :  Summary table Ls=12
Grid : Message : 46.690612 s : ==================================================================================
Grid : Message : 46.690614 s : L 		 Wilson 		 DWF4 		 Staggered
Grid : Message : 46.690618 s : 8 		 48271.5 		 472070.7 		 32946.9
Grid : Message : 46.690784 s : 12 		 266987.1 		 902873.7 		 150894.4
Grid : Message : 46.690789 s : 16 		 463228.3 		 1002066.7 		 276553.8
Grid : Message : 46.690796 s : 24 		 546727.3 		 1057771.8 		 434498.0
Grid : Message : 46.690824 s : 32 		 735036.4 		 1034980.7 		 469698.1
Grid : Message : 46.690829 s : ==================================================================================
Grid : Message : 46.690832 s : ==================================================================================
Grid : Message : 46.690833 s :  Memory benchmark 
Grid : Message : 46.690835 s : ==================================================================================
Grid : Message : 46.690839 s : ==================================================================================
Grid : Message : 46.690842 s : = Benchmarking a*x + y bandwidth
Grid : Message : 46.690845 s : ==================================================================================
Grid : Message : 46.690847 s :   L  		bytes			GB/s		Gflop/s		 seconds		GB/s / node
Grid : Message : 46.690855 s : ----------------------------------------------------------
Grid : Message : 53.308738 s : 8		786432.000   		30.440		2.537		6.614		30.440
Grid : Message : 54.906840 s : 16		12582912.000   		272.734		22.728		0.738		272.734
Grid : Message : 54.544560 s : 24		63700992.000   		489.060		40.755		0.412		489.060
Grid : Message : 54.911442 s : 32		201326592.000   		616.768		51.397		0.326		616.768
Grid : Message : 54.911639 s : ==================================================================================
Grid : Message : 54.911643 s :  Per Node Summary table Ls=12
Grid : Message : 54.911649 s : ==================================================================================
Grid : Message : 54.911652 s :  L 		 Wilson		 DWF4		 Staggered 
Grid : Message : 54.911655 s : 8 		 48271.527 	 472070.688 	 32946.937
Grid : Message : 54.911661 s : 12 		 266987.124 	 902873.730 	 150894.415
Grid : Message : 54.911666 s : 16 		 463228.330 	 1002066.742 	 276553.754
Grid : Message : 54.911671 s : 24 		 546727.309 	 1057771.795 	 434498.000
Grid : Message : 54.911676 s : 32 		 735036.416 	 1034980.666 	 469698.097
Grid : Message : 54.911680 s : ==================================================================================
Grid : Message : 54.911682 s : ==================================================================================
Grid : Message : 54.911683 s :  Comparison point     result: 1046376.231 Mflop/s per node
Grid : Message : 54.911687 s :  Comparison point is 0.5*(1034980.666+1057771.795) 
Grid : Message : 54.911690 s : ==================================================================================
 ============= benchmark script complete ============ 
============== Running example GRID benchmark script with 2 GPUs in interactive mode ============ 
--------------------------------------------------------------------------
mpirun was unable to find the specified executable file, and therefore
did not launch the job.  This error was first reported for process
rank 0; it may have occurred for other processes as well.

NOTE: A common cause for this error is misspelling a mpirun command
      line parameter option (remember that mpirun interprets the first
      unrecognized command line token as the executable).

Node:       8e7fe6ab56b8
Executable: np
--------------------------------------------------------------------------
128 total processes failed to start
 ============= benchmark script complete ============ 
============== Running example GRID benchmark script with 4 GPUs in intera
ctive mode ============ 
--------------------------------------------------------------------------
mpirun was unable to find the specified executable file, and therefore
did not launch the job.  This error was first reported for process
rank 0; it may have occurred for other processes as well.

NOTE: A common cause for this error is misspelling a mpirun command
      line parameter option (remember that mpirun interprets the first
      unrecognized command line token as the executable).

Node:       2ff6fe2d0275
Executable: np
--------------------------------------------------------------------------
128 total processes failed to start
 ============= benchmark script complete ============ 
============== Running example GRID benchmark script with 8 GPUs in intera
ctive mode ============ 
--------------------------------------------------------------------------
mpirun was unable to find the specified executable file, and therefore
did not launch the job.  This error was first reported for process
rank 0; it may have occurred for other processes as well.

NOTE: A common cause for this error is misspelling a mpirun command
      line parameter option (remember that mpirun interprets the first
      unrecognized command line token as the executable).

Node:       26f24f6812d0
Executable: np
--------------------------------------------------------------------------
128 total processes failed to start
 ============= benchmark script complete ============ 
==== Using /opt/rocm-4.3.0 to collect ROCm information.==== 


======================= ROCm System Management Interface =======================
================================= Concise Info =================================
GPU  Temp   AvgPwr  SCLK    MCLK     Fan   Perf  PwrCap  VRAM%  GPU%  
0    49.0c  43.0W   930Mhz  1000Mhz  255%  auto  225.0W    0%   0%    
1    42.0c  34.0W   930Mhz  1000Mhz  255%  auto  225.0W    0%   0%    
2    41.0c  38.0W   930Mhz  1000Mhz  255%  auto  225.0W    0%   0%    
3    38.0c  36.0W   930Mhz  1000Mhz  255%  auto  225.0W    0%   0%    
4    42.0c  34.0W   930Mhz  1000Mhz  255%  auto  225.0W    0%   0%    
5    41.0c  40.0W   930Mhz  1000Mhz  255%  auto  225.0W    0%   0%    
6    42.0c  35.0W   930Mhz  1000Mhz  255%  auto  225.0W    0%   0%    
7    39.0c  35.0W   930Mhz  1000Mhz  255%  auto  225.0W    0%   0%    
================================================================================
============================= End of ROCm SMI Log ==============================


======================= ROCm System Management Interface =======================
============================ Concise Hardware Info =============================
GPU  DID   GFX RAS  SDMA RAS  UMC RAS  VBIOS             BUS           
0    66a1  ENABLED  ENABLED   ENABLED  113-D1631700-111  0000:43:00.0  
1    66a1  ENABLED  ENABLED   ENABLED  113-D1631700-111  0000:23:00.0  
2    66a1  ENABLED  ENABLED   ENABLED  113-D1631700-111  0000:26:00.0  
3    66a1  ENABLED  ENABLED   ENABLED  113-D1631700-111  0000:03:00.0  
4    66a1  ENABLED  ENABLED   ENABLED  113-D1631700-111  0000:E3:00.0  
5    66a1  ENABLED  ENABLED   ENABLED  113-D1631700-111  0000:C3:00.0  
6    66a1  ENABLED  ENABLED   ENABLED  113-D1631700-111  0000:C6:00.0  
7    66a1  ENABLED  ENABLED   ENABLED  113-D1631700-111  0000:83:00.0  
================================================================================
============================= End of ROCm SMI Log ==============================
======== Section: print logs ========
[522444.873939] amdgpu: [powerplay] [MemMclks]: memclk dpm not enabled!
[522448.574952] amdgpu: [powerplay] [MemMclks]: memclk dpm not enabled!
[522448.575020] amdgpu: [powerplay] [MemMclks]: memclk dpm not enabled!
[522448.575146] amdgpu: [powerplay] [MemMclks]: memclk dpm not enabled!
[522448.575192] amdgpu: [powerplay] [MemMclks]: memclk dpm not enabled!
[522448.575197] amdgpu: [powerplay] [MemMclks]: memclk dpm not enabled!
[522448.575240] amdgpu: [powerplay] [MemMclks]: memclk dpm not enabled!
[522448.575241] amdgpu: [powerplay] [MemMclks]: memclk dpm not enabled!
[522448.575281] amdgpu: [powerplay] [MemMclks]: memclk dpm not enabled!
[522448.575288] amdgpu: [powerplay] [MemMclks]: memclk dpm not enabled!
[522448.575329] amdgpu: [powerplay] [MemMclks]: memclk dpm not enabled!
[522455.468027] amdgpu: [powerplay] [MemMclks]: memclk dpm not enabled!
[522455.468243] amdgpu: [powerplay] [MemMclks]: memclk dpm not enabled!
[522455.468302] amdgpu: [powerplay] [MemMclks]: memclk dpm not enabled!
[522455.468350] amdgpu: [powerplay] [MemMclks]: memclk dpm not enabled!
[522455.468392] amdgpu: [powerplay] [MemMclks]: memclk dpm not enabled!
[522455.468399] amdgpu: [powerplay] [MemMclks]: memclk dpm not enabled!
[522455.468571] amdgpu: [powerplay] [MemMclks]: memclk dpm not enabled!
[522455.468621] amdgpu: [powerplay] [MemMclks]: memclk dpm not enabled!
[522455.468669] amdgpu: [powerplay] [MemMclks]: memclk dpm not enabled!
[522455.468714] amdgpu: [powerplay] [MemMclks]: memclk dpm not enabled!
[522461.944546] amdgpu: [powerplay] [MemMclks]: memclk dpm not enabled!
[522461.947432] amdgpu: [powerplay] [MemMclks]: memclk dpm not enabled!
[522462.014131] amdgpu: [powerplay] [MemMclks]: memclk dpm not enabled!
[522462.014337] amdgpu: [powerplay] [MemMclks]: memclk dpm not enabled!
[522462.014393] amdgpu: [powerplay] [MemMclks]: memclk dpm not enabled!
[522462.014449] amdgpu: [powerplay] [MemMclks]: memclk dpm not enabled!
[522462.014513] amdgpu: [powerplay] [MemMclks]: memclk dpm not enabled!
[522462.014583] amdgpu: [powerplay] [MemMclks]: memclk dpm not enabled!
[522462.020184] amdgpu: [powerplay] [MemMclks]: memclk dpm not enabled!
[522462.020384] amdgpu: [powerplay] [MemMclks]: memclk dpm not enabled!
[522481.721206] amdgpu: [powerplay] [MemMclks]: memclk dpm not enabled!
[522481.722728] amdgpu: [powerplay] [MemMclks]: memclk dpm not enabled!
[522481.723650] amdgpu: [powerplay] [MemMclks]: memclk dpm not enabled!
[522481.727445] amdgpu: [powerplay] [MemMclks]: memclk dpm not enabled!
[522481.728619] amdgpu: [powerplay] [MemMclks]: memclk dpm not enabled!
[522482.474081] amdgpu: [powerplay] [MemMclks]: memclk dpm not enabled!
[522482.474082] amdgpu: [powerplay] [MemMclks]: memclk dpm not enabled!
[522482.477958] amdgpu: [powerplay] [MemMclks]: memclk dpm not enabled!
[522482.482904] amdgpu: [powerplay] [MemMclks]: memclk dpm not enabled!
[522482.506688] amdgpu: [powerplay] [MemMclks]: memclk dpm not enabled!
[523386.480743] amdgpu: [powerplay] [MemMclks]: memclk dpm not enabled!
[523386.835205] amdgpu: [powerplay] [MemMclks]: memclk dpm not enabled!
[523387.151864] amdgpu: [powerplay] [MemMclks]: memclk dpm not enabled!
[523387.222258] amdgpu: [powerplay] [MemMclks]: memclk dpm not enabled!
[523387.223797] amdgpu: [powerplay] [MemMclks]: memclk dpm not enabled!
[523387.223859] amdgpu: [powerplay] [MemMclks]: memclk dpm not enabled!
[523387.225692] amdgpu: [powerplay] [MemMclks]: memclk dpm not enabled!
[523387.259538] amdgpu: [powerplay] [MemMclks]: memclk dpm not enabled!
[523387.586990] amdgpu: [powerplay] [MemMclks]: memclk dpm not enabled!
[523387.594357] amdgpu: [powerplay] [MemMclks]: memclk dpm not enabled!
[523392.857715] amdgpu: [powerplay] [MemMclks]: memclk dpm not enabled!
[523392.860685] amdgpu: [powerplay] [MemMclks]: memclk dpm not enabled!
[523392.860808] amdgpu: [powerplay] [MemMclks]: memclk dpm not enabled!
[523392.860850] amdgpu: [powerplay] [MemMclks]: memclk dpm not enabled!
[523392.860889] amdgpu: [powerplay] [MemMclks]: memclk dpm not enabled!
[523392.860928] amdgpu: [powerplay] [MemMclks]: memclk dpm not enabled!
[523392.860972] amdgpu: [powerplay] [MemMclks]: memclk dpm not enabled!
[523392.862098] amdgpu: [powerplay] [MemMclks]: memclk dpm not enabled!
[523393.092354] amdgpu: [powerplay] [MemMclks]: memclk dpm not enabled!
[523393.112244] amdgpu: [powerplay] [MemMclks]: memclk dpm not enabled!
[523402.667486] amdgpu: [powerplay] [MemMclks]: memclk dpm not enabled!
[523402.667701] amdgpu: [powerplay] [MemMclks]: memclk dpm not enabled!
[523402.667760] amdgpu: [powerplay] [MemMclks]: memclk dpm not enabled!
[523402.667808] amdgpu: [powerplay] [MemMclks]: memclk dpm not enabled!
[523402.667853] amdgpu: [powerplay] [MemMclks]: memclk dpm not enabled!
[523402.699872] amdgpu: [powerplay] [MemMclks]: memclk dpm not enabled!
[523402.750902] amdgpu: [powerplay] [MemMclks]: memclk dpm not enabled!
[523403.030101] amdgpu: [powerplay] [MemMclks]: memclk dpm not enabled!
[523403.810323] amdgpu: [powerplay] [MemMclks]: memclk dpm not enabled!
[523403.810545] amdgpu: [powerplay] [MemMclks]: memclk dpm not enabled!
[523421.701761] amdgpu: [powerplay] [MemMclks]: memclk dpm not enabled!
[523421.701918] amdgpu: [powerplay] [MemMclks]: memclk dpm not enabled!
[523421.789030] amdgpu: [powerplay] [MemMclks]: memclk dpm not enabled!
[523422.498448] amdgpu: [powerplay] [MemMclks]: memclk dpm not enabled!
[523422.498696] amdgpu: [powerplay] [MemMclks]: memclk dpm not enabled!
[523422.498750] amdgpu: [powerplay] [MemMclks]: memclk dpm not enabled!
[523422.517730] amdgpu: [powerplay] [MemMclks]: memclk dpm not enabled!
[523422.517809] amdgpu: [powerplay] [MemMclks]: memclk dpm not enabled!
[523422.517852] amdgpu: [powerplay] [MemMclks]: memclk dpm not enabled!
[523422.517892] amdgpu: [powerplay] [MemMclks]: memclk dpm not enabled!
[523426.976088] amdgpu: [powerplay] [MemMclks]: memclk dpm not enabled!
[523427.036173] amdgpu: [powerplay] [MemMclks]: memclk dpm not enabled!
[523427.036389] amdgpu: [powerplay] [MemMclks]: memclk dpm not enabled!
[523427.036450] amdgpu: [powerplay] [MemMclks]: memclk dpm not enabled!
[523427.036508] amdgpu: [powerplay] [MemMclks]: memclk dpm not enabled!
[523427.036567] amdgpu: [powerplay] [MemMclks]: memclk dpm not enabled!
[523427.036621] amdgpu: [powerplay] [MemMclks]: memclk dpm not enabled!
[523427.045386] amdgpu: [powerplay] [MemMclks]: memclk dpm not enabled!
[523427.045594] amdgpu: [powerplay] [MemMclks]: memclk dpm not enabled!
[523427.048074] amdgpu: [powerplay] [MemMclks]: memclk dpm not enabled!
[523439.722886] amdgpu: [powerplay] [MemMclks]: memclk dpm not enabled!
[523439.727660] amdgpu: [powerplay] [MemMclks]: memclk dpm not enabled!
[523439.728625] amdgpu: [powerplay] [MemMclks]: memclk dpm not enabled!
[523440.469263] amdgpu: [powerplay] [MemMclks]: memclk dpm not enabled!
[523440.503541] amdgpu: [powerplay] [MemMclks]: memclk dpm not enabled!
[523440.506142] amdgpu: [powerplay] [MemMclks]: memclk dpm not enabled!
[523440.922082] amdgpu: [powerplay] [MemMclks]: memclk dpm not enabled!
[523440.940652] amdgpu: [powerplay] [MemMclks]: memclk dpm not enabled!
[523440.950406] amdgpu: [powerplay] [MemMclks]: memclk dpm not enabled!
